-6.2104 0
-5.72713 0.483277
-5.5193 0.347911
-5.4193 0.26556
-5.33154 0.223639
-5.28142 0.189356
-5.24375 0.164408
-5.22036 0.144291
-5.20491 0.128186
-5.19269 0.115303
-5.17124 0.106477
-5.15892 0.0979787
-5.14789 0.090799
-5.14424 0.084143
-5.14417 0.0783329
-5.14189 0.0733092
-5.1373 0.069015
-5.13799 0.0650717
-5.13735 0.061555
-5.13669 0.0583999
-5.12841 0.0561635
-5.12961 0.0535632
-5.12979 0.0511817
-5.13014 0.0490041
-5.13129 0.047017
-5.13386 0.0452455
-5.13107 0.0436268
-5.12655 0.0422819
-5.12383 0.0408882
-5.12233 0.0395303
-5.12136 0.0382463
-5.12018 0.0370504
-5.1192 0.0359236
-5.11612 0.0349865
-5.11388 0.034046
-5.11222 0.0331286
-5.11233 0.032221
-5.11283 0.0313656
-5.113 0.0305513
-5.1122 0.0297882
-5.11202 0.0290532
-5.11318 0.0283768
-5.11305 0.0277093
-5.11269 0.0270747
-5.11173 0.0264834
-5.1126 0.0259157
-5.11481 0.0254546
-5.11382 0.0249383
-5.11461 0.0244369
-5.11557 0.0239625
-5.11563 0.023488
-5.11461 0.0230544
-5.11726 0.0227693
-5.11755 0.0223455
-5.1162 0.021977
-5.11526 0.0216014
-5.11306 0.0213321
-5.11285 0.0209622
-5.11133 0.0206599
-5.10933 0.0204105
-5.10938 0.0200732
-5.10876 0.0197564
-5.10807 0.0194527
-5.10549 0.0193198
-5.10532 0.019021
-5.10483 0.018737
-5.10549 0.0184672
-5.10608 0.018203
-5.10547 0.0179474
-5.10538 0.0176894
-5.10576 0.0174428
-5.10508 0.0172126
-5.10341 0.0170564
-5.10319 0.0168258
-5.10276 0.0166056
-5.10399 0.0164322
-5.10356 0.0162232
-5.10134 0.0161672
-5.10177 0.0159672
-5.10134 0.0157724
-5.10001 0.0156331
-5.09969 0.0154447
-5.10042 0.015275
-5.10127 0.015116
-5.10194 0.0149521
-5.1012 0.0147956
-5.10146 0.0146269
-5.10074 0.0144777
-5.09955 0.014364
-5.09993 0.0142088
-5.10011 0.014053
-5.09924 0.0139266
-5.09935 0.0137764
-5.09959 0.0136312
-5.09936 0.0134889
-5.09919 0.0133487
-5.09709 0.0133754
-5.0963 0.0132616
-5.09577 0.0131379
-5.0957 0.013006
-4.82167 0
-4.69994 0.121735
-4.66813 0.077148
-4.63298 0.064892
-4.62059 0.0517694
-4.62904 0.043105
-4.61645 0.0385437
-4.592 0.0413788
-4.59471 0.0365931
-4.59621 0.0327644
-4.62007 0.0380473
-4.63224 0.0368015
-4.63407 0.0339021
-4.6243 0.0328738
-4.63107 0.0313437
-4.63388 0.0294541
-4.63234 0.0277099
-4.62748 0.0265751
-4.62179 0.0257729
-4.61558 0.0252254
-4.61246 0.0241964
-4.60902 0.0233263
-4.61218 0.022513
-4.61759 0.0222235
-4.61462 0.0215219
-4.62093 0.0216183
-4.61844 0.0209509
-4.6199 0.0202417
-4.62524 0.0202485
-4.62601 0.0195769
-4.6223 0.0192957
-4.61964 0.0188712
-4.62173 0.0184095
-4.62495 0.0181479
-4.62322 0.0177064
-4.62214 0.0172413
-4.62274 0.0167796
-4.62105 0.0164193
-4.62123 0.0159937
-4.62182 0.0155999
-4.62262 0.0152358
-4.62536 0.0151194
-4.62646 0.0148041
-4.62758 0.0145073
-4.62679 0.0142034
-4.62406 0.0141554
-4.62369 0.0138559
-4.62495 0.0136222
-4.62405 0.0133716
-4.62187 0.0132817
-4.62133 0.0130297
-4.62276 0.0128563
-4.61983 0.0129477
-4.61795 0.0128432
-4.61643 0.0126989
-4.61598 0.0124784
-4.61767 0.0123732
-4.61686 0.0121849
-4.61544 0.0120604
-4.61352 0.012012
-4.61454 0.0118578
-4.61363 0.0117007
-4.61078 0.0118614
-4.61003 0.0116987
-4.60999 0.0115174
-4.61086 0.011375
-4.61278 0.0113682
-4.61482 0.0113839
-4.61304 0.011358
-4.61287 0.0111959
-4.61251 0.0110429
-4.61089 0.0110084
-4.60961 0.0109322
-4.61026 0.0108035
-4.61105 0.0106872
-4.61199 0.0105874
-4.61132 0.0104703
-4.61192 0.0103526
-4.61258 0.0102423
-4.6134 0.0101461
-4.61375 0.0100262
-4.61281 0.009948
-4.61042 0.0101132
-4.61164 0.010066
-4.61226 0.00996605
-4.6122 0.00984967
-4.61328 0.00979567
-4.61466 0.00978115
-4.61515 0.00968341
-4.61546 0.00958006
-4.61683 0.0095736
-4.61808 0.0095501
-4.61856 0.00945941
-4.62004 0.00947347
-4.61969 0.0093796
-4.6206 0.00932572
-4.62188 0.00931729
-4.62257 0.00924738
-4.62328 0.00918109
-4.62181 0.00920662
-4.54324 0
-4.56041 0.017167
-4.54236 0.0205862
-4.54518 0.0148264
-4.54054 0.0123876
-4.56083 0.0226786
-4.53248 0.0342228
-4.53548 0.0297887
-4.53023 0.0267892
-4.50779 0.0328337
-4.50119 0.0304224
-4.49414 0.0286534
-4.49307 0.0263788
-4.49229 0.0244345
-4.4878 0.0231875
-4.49761 0.0238068
-4.4867 0.0248814
-4.46817 0.0298921
-4.45738 0.0302642
-4.46344 0.0293429
-4.46646 0.0280736
-4.47106 0.0271598
-4.46357 0.0270103
-4.46047 0.0260464
-4.46268 0.0250807
-4.45825 0.0245003
-4.45607 0.0236762
-4.46021 0.0231874
-4.46364 0.0226357
-4.46838 0.0223762
-4.46809 0.0216444
-4.46366 0.0214189
-4.4619 0.0208349
-4.45634 0.0209617
-4.45223 0.0207646
-4.45237 0.02018
-4.45446 0.0197378
-4.45567 0.0192497
-4.45761 0.0188494
-4.46039 0.0185812
-4.45696 0.0184439
-4.46057 0.0183572
-4.46181 0.0179685
-4.45914 0.0177581
-4.45566 0.017703
-4.45681 0.0173518
-4.46095 0.0174769
-4.46074 0.0171103
-4.45986 0.0167804
-4.45691 0.0167036
-4.45587 0.0164062
-4.45286 0.0163666
-4.45434 0.0161234
-4.45433 0.015822
-4.45465 0.0155351
-4.45304 0.0153406
-4.45026 0.015322
-4.45311 0.0153225
-4.45359 0.0150682
-4.45245 0.0148589
-4.45158 0.0146393
-4.45094 0.0144154
-4.44765 0.0145599
-4.44857 0.0143601
-4.44642 0.0143011
-4.44816 0.0141903
-4.44665 0.0140576
-4.44462 0.0139982
-4.44724 0.0140413
-4.44967 0.0140501
-4.4497 0.0138509
-4.44956 0.0136578
-4.44877 0.0134929
-4.44898 0.013311
-4.44909 0.0131328
-4.44938 0.0129621
-4.44928 0.012793
-4.44925 0.012628
-4.44848 0.0124905
-4.44856 0.0123337
-4.4502 0.0122907
-4.45072 0.0121511
-4.44974 0.0120443
-4.44741 0.0121257
-4.44855 0.012036
-4.44854 0.0118952
-4.448 0.0117702
-4.44783 0.0116368
-4.44775 0.0115056
-4.44762 0.0113778
-4.44653 0.0113053
-4.44576 0.0112079
-4.44592 0.0110879
-4.44634 0.0109772
-4.44729 0.010903
-4.44843 0.0108491
-4.44939 0.0107794
-4.4492 0.0106706
-4.45125 0.0107593
-4.45154 0.0106551
-4.45733 0
-4.29563 0.161705
-4.32785 0.0987635
-4.37519 0.0843727
-4.37616 0.0653619
-4.3614 0.0553714
-4.34788 0.0487106
-4.34335 0.0424269
-4.35057 0.0381078
-4.35217 0.0341219
-4.34987 0.0309502
-4.34753 0.0283504
-4.3595 0.028695
-4.36653 0.0274821
-4.36482 0.0256419
-4.36425 0.0239925
-4.36944 0.023127
-4.38136 0.0248475
-4.38192 0.02351
-4.38518 0.0225417
-4.38662 0.0214897
-4.38278 0.0208474
-4.38409 0.0199636
-4.37783 0.0201139
-4.37366 0.0197377
-4.37289 0.0189788
-4.37627 0.0185726
-4.37662 0.0179003
-4.38797 0.0206663
-4.39616 0.0215811
-4.39971 0.0211726
-4.40573 0.0213657
-4.4055 0.0207094
-4.4008 0.0206331
-4.39829 0.0201919
-4.40023 0.0197185
-4.40496 0.0197546
-4.4062 0.0192676
-4.40441 0.0188527
-4.40335 0.0184054
-4.40625 0.0181836
-4.40356 0.0179481
-4.40192 0.0176024
-4.40516 0.017499
-4.40652 0.01716
-4.40573 0.0168012
-4.40941 0.0168456
-4.41095 0.016563
-4.41346 0.0164134
-4.41181 0.0161661
-4.41255 0.0158633
-4.41344 0.0155808
-4.41187 0.0153643
-4.41291 0.0151129
-4.41043 0.015042
-4.40925 0.0148182
-4.40543 0.0150483
-4.40514 0.0147895
-4.40698 0.014653
-4.40775 0.0144273
-4.40555 0.0143574
-4.406 0.0141309
-4.40749 0.0139847
-4.40774 0.0137668
-4.40783 0.0135536
-4.40888 0.0133882
-4.4078 0.0132316
-4.40809 0.013039
-4.40993 0.0129794
-4.41415 0.0134695
-4.41679 0.01354
-4.41813 0.0134175
-4.41692 0.0132881
-4.41689 0.0131073
-4.41667 0.0129333
-4.41705 0.0127677
-4.41604 0.012641
-4.41705 0.012518
-4.41744 0.0123647
-4.41711 0.0122136
-4.41753 0.0120692
-4.41836 0.0119496
-4.41825 0.0118053
-4.4182 0.011664
-4.41928 0.0115766
-4.4193 0.0114413
-4.42036 0.0113583
-4.42064 0.011232
-4.41914 0.0112058
-4.41657 0.0113761
-4.41671 0.0112513
-4.41653 0.0111299
-4.41766 0.0110671
-4.41892 0.0110216
-4.41882 0.0109055
-4.4201 0.0108671
-4.41904 0.0108071
-4.41658 0.0109754
-4.41662 0.0108641
-4.41747 0.0107885
-4.68645 0
-4.53247 0.153982
-4.46144 0.113792
-4.47733 0.0820171
-4.4757 0.0635511
-4.49277 0.0546247
-4.48432 0.0469323
-4.44615 0.0557621
-4.44424 0.0492146
-4.45004 0.0444002
-4.43581 0.0426083
-4.43878 0.0390091
-4.43257 0.0364177
-4.41738 0.0369791
-4.41909 0.0344684
-4.42407 0.032624
-4.42103 0.0307958
-4.42602 0.0294604
-4.4266 0.0278727
-4.42148 0.0269326
-4.41398 0.0266927
-4.40531 0.0268885
-4.40766 0.0258004
-4.41078 0.0248979
-4.41483 0.0242228
-4.41139 0.0235257
-4.40985 0.0226902
-4.41275 0.0220572
-4.41422 0.0213339
-4.41114 0.0208401
-4.41054 0.0201655
-4.41153 0.0195501
-4.41146 0.0189485
-4.40964 0.0184724
-4.40914 0.0179438
-4.40923 0.0174385
-4.40948 0.0169624
-4.41122 0.0166023
-4.41055 0.016185
-4.41015 0.0157804
-4.40969 0.0153975
-4.41001 0.0150299
-4.41012 0.0146766
-4.41569 0.0153797
-4.41808 0.015223
-4.41801 0.0148885
-4.41627 0.0146724
-4.41614 0.014364
-4.41562 0.0140773
-4.41714 0.0138755
-4.41887 0.0137101
-4.41765 0.0134987
-4.41776 0.013242
-4.4177 0.0129946
-4.41697 0.0127769
-4.41421 0.0128477
-4.41741 0.0130197
-4.41997 0.0130466
-4.41874 0.0128817
-4.41643 0.0128752
-4.41557 0.0126914
-4.41429 0.0125509
-4.41567 0.0124271
-4.41558 0.0122317
-4.41482 0.012066
-4.4115 0.0123372
-4.40975 0.0122767
-4.40926 0.0121048
-4.40854 0.0119496
-4.4054 0.012189
-4.40565 0.0120187
-4.40526 0.0118572
-4.40393 0.0117692
-4.40499 0.0116576
-4.40667 0.0116229
-4.40847 0.01161
-4.40768 0.0114854
-4.40699 0.011358
-4.4083 0.0112886
-4.40739 0.0111837
-4.409 0.0111615
-4.40897 0.0110245
-4.40964 0.0109116
-4.41102 0.0108683
-4.41177 0.0107657
-4.41259 0.0106711
-4.41367 0.0106031
-4.41402 0.0104878
-4.41578 0.0105178
-4.41762 0.0105612
-4.41968 0.0106451
-4.42195 0.0107722
-4.4214 0.0106702
-4.42205 0.0105765
-4.42227 0.0104669
-4.42232 0.0103574
-4.42341 0.0103079
-4.42404 0.010222
-4.42393 0.0101189
-4.42155 0.0102964
