1.80591 0
1.48805 0.317869
1.34751 0.231148
1.28065 0.176596
1.22163 0.148978
1.18816 0.126161
1.16306 0.10954
1.1477 0.0960998
1.13766 0.0853452
1.12972 0.0767462
1.11571 0.0708203
1.1075 0.0651689
1.10016 0.060394
1.09765 0.0559704
1.09757 0.0521057
1.09603 0.0487647
1.09287 0.0459155
1.09327 0.0432915
1.09285 0.0409519
1.09237 0.0388533
1.08676 0.0373797
1.08744 0.0356466
1.08759 0.0340618
1.08785 0.0326127
1.08865 0.0312913
1.09037 0.030113
1.08852 0.0290351
1.08557 0.0281343
1.08382 0.0272035
1.08282 0.0262999
1.08216 0.0254458
1.08129 0.0246532
1.08059 0.0239047
1.07854 0.0232821
1.07702 0.0226576
1.07595 0.0220454
1.07603 0.0214414
1.07638 0.0208726
1.07652 0.0203308
1.07601 0.0198226
1.07586 0.0193336
1.07661 0.0188825
1.07654 0.0184383
1.0763 0.018016
1.07569 0.0176215
1.07624 0.0172431
1.07777 0.0169415
1.07713 0.0165975
1.07763 0.016263
1.07823 0.0159459
1.07822 0.0156301
1.07751 0.0153428
1.07927 0.0151523
1.0795 0.0148708
1.07858 0.0146264
1.078 0.0143747
1.07657 0.0141924
1.07645 0.0139461
1.07545 0.013744
1.07411 0.0135788
1.07418 0.0133545
1.07382 0.0131424
1.0734 0.0129388
1.07171 0.0128468
1.0716 0.0126481
1.07127 0.0124595
1.07173 0.0122808
1.0721 0.0121046
1.07169 0.0119348
1.0716 0.0117635
1.07184 0.011599
1.0714 0.0114451
1.07028 0.0113431
1.07011 0.0111901
1.06981 0.011044
1.07061 0.0109275
1.07035 0.0107879
1.06888 0.0107503
1.06918 0.0106175
1.0689 0.0104875
1.06801 0.0103953
1.06777 0.0102706
1.06825 0.0101572
1.06879 0.0100504
1.06924 0.00994141
1.06874 0.00983767
1.0689 0.00972525
1.06839 0.00962742
1.06759 0.00955268
1.06781 0.00944862
1.06793 0.009345
1.06733 0.00926252
1.06739 0.00916256
1.06753 0.00906572
1.06733 0.00897199
1.0672 0.00887907
1.06576 0.00890389
1.06518 0.00883181
1.06479 0.0087509
1.06471 0.00866331
1.70301 0
1.62057 0.0824414
1.59883 0.0523261
1.57579 0.0435852
1.56738 0.0347936
1.57341 0.0290405
1.56521 0.0258752
1.54896 0.0276814
1.55054 0.0244637
1.55155 0.0219042
1.56729 0.0253061
1.57552 0.0245247
1.57693 0.0226031
1.57041 0.0219165
1.57488 0.0208866
1.57686 0.0196374
1.57586 0.0184733
1.5728 0.0176841
1.56906 0.0171393
1.56506 0.0167446
1.56295 0.0160666
1.56068 0.0154863
1.5628 0.0149495
1.56636 0.0147485
1.56433 0.0142913
1.56847 0.0143422
1.56686 0.0138952
1.56784 0.0134262
1.57137 0.0134258
1.57192 0.0129821
1.56933 0.0128193
1.56754 0.0125416
1.56889 0.0122301
1.57105 0.0120615
1.56994 0.0117651
1.56926 0.0114534
1.56973 0.0111494
1.56864 0.0109063
1.56876 0.0106237
1.56918 0.0103629
1.56965 0.0101181
1.57146 0.0100397
1.57223 0.00983328
1.57301 0.0096388
1.57252 0.00943467
1.57076 0.00939472
1.57053 0.00919558
1.57138 0.00904277
1.57082 0.00887448
1.56933 0.00882076
1.56897 0.00865355
1.56996 0.0085422
1.568 0.00860501
1.56673 0.00853953
1.5657 0.00844523
1.56537 0.00829949
1.56648 0.00822745
1.56596 0.00810116
1.56499 0.00802212
1.56373 0.00798649
1.56442 0.00788486
1.56386 0.00777733
1.56194 0.00788927
1.56146 0.00777989
1.56144 0.00765928
1.56206 0.00756753
1.56337 0.00756829
1.56477 0.00758566
1.56362 0.00756241
1.56355 0.00745396
1.56337 0.00735043
1.56232 0.00732264
1.56147 0.00727198
1.56191 0.00718658
1.56243 0.00710929
1.56304 0.00704215
1.56263 0.0069626
1.56302 0.00688394
1.5635 0.00681291
1.56403 0.00674867
1.56428 0.00666936
1.56368 0.00661499
1.56207 0.00672894
1.56283 0.00669105
1.5632 0.00662232
1.56311 0.00654553
1.56378 0.00650516
1.56467 0.00649118
1.56498 0.00642567
1.56517 0.00635656
1.56608 0.00635203
1.56689 0.00633426
1.56718 0.00627246
1.56814 0.00627953
1.56792 0.00621678
1.56851 0.00617942
1.56937 0.00617528
1.56982 0.00612891
1.57032 0.00608704
1.56935 0.00610299
1.89344 0
1.90341 0.00997304
1.89189 0.0128795
1.89393 0.00933188
1.89057 0.00796811
1.90446 0.0153321
1.88505 0.0233313
1.88658 0.0202627
1.8828 0.0182651
1.86751 0.022375
1.86308 0.0207177
1.8582 0.0195328
1.85728 0.017991
1.85659 0.0166708
1.8532 0.0158856
1.85944 0.0161186
1.85216 0.0168004
1.83976 0.0201179
1.83242 0.020396
1.83635 0.0197441
1.83834 0.0188855
1.84132 0.0182525
1.83634 0.0181382
1.83414 0.0175043
1.8355 0.0168438
1.83247 0.0164641
1.83083 0.015927
1.83361 0.015598
1.83586 0.0152167
1.83905 0.0150428
1.83892 0.0145501
1.83594 0.0143982
1.83475 0.0140058
1.83108 0.0140751
1.82831 0.0139447
1.82843 0.0135523
1.82984 0.013256
1.83068 0.0129295
1.83193 0.0126557
1.83371 0.0124635
1.83137 0.0123799
1.83369 0.0123035
1.83454 0.0120434
1.83276 0.0119004
1.83045 0.0118594
1.8312 0.0116228
1.83397 0.0117059
1.8338 0.0114607
1.83322 0.0112395
1.83123 0.0111893
1.83052 0.0109913
1.82848 0.0109688
1.82939 0.0107988
1.82941 0.0105969
1.82965 0.010405
1.82858 0.0102724
1.82676 0.0102551
1.82867 0.0102561
1.82901 0.0100868
1.82826 0.00994594
1.82771 0.00979702
1.82733 0.00964515
1.82514 0.00974046
1.82576 0.00960725
1.82435 0.00956295
1.82553 0.00949101
1.82457 0.00939794
1.82322 0.00935624
1.82495 0.00938058
1.82655 0.00938347
1.82656 0.00925037
1.82644 0.00912166
1.82587 0.00901392
1.82601 0.00889238
1.82605 0.00877307
1.82622 0.00865868
1.82617 0.00854564
1.82616 0.00843537
1.82565 0.00834364
1.8257 0.00823884
1.82681 0.00821125
1.82717 0.00811841
1.82649 0.00804812
1.82491 0.00810731
1.82564 0.0080444
1.82563 0.00795032
1.82524 0.00786781
1.82513 0.00777872
1.82509 0.00769095
1.82499 0.00760562
1.82431 0.00755224
1.82378 0.00748831
1.82389 0.00740808
1.82415 0.00733373
1.8248 0.00728455
1.82554 0.00724635
1.82619 0.00720066
1.82605 0.00712811
1.82741 0.00718557
1.8276 0.00711583
1.93488 0
1.82942 0.105459
1.85002 0.0642758
1.88196 0.0555515
1.88272 0.0430368
1.87222 0.0366748
1.86297 0.0323466
1.85946 0.0282318
1.86409 0.0253232
1.86521 0.0226778
1.86358 0.0205778
1.86201 0.0188502
1.86981 0.0190116
1.87463 0.0182492
1.87368 0.0170155
1.87329 0.0159213
1.87675 0.0153497
1.8848 0.0165606
1.88526 0.0156716
1.88743 0.0150245
1.88846 0.0143284
1.88601 0.0138804
1.88691 0.0132942
1.88293 0.0133368
1.88019 0.0130815
1.87968 0.0125788
1.88204 0.0123315
1.88212 0.0118832
1.88977 0.0137833
1.89525 0.0143988
1.89756 0.014118
1.90149 0.0142229
1.90138 0.0137857
1.89818 0.013751
1.89647 0.0134611
1.89772 0.0131414
1.90095 0.0131819
1.90181 0.0128597
1.90065 0.01258
1.89998 0.0122794
1.902 0.0121449
1.9003 0.0119736
1.89927 0.0117371
1.90146 0.0116739
1.90246 0.0114556
1.90194 0.0112157
1.9044 0.0112462
1.90545 0.0110596
1.90716 0.0109658
1.90609 0.0107982
1.90655 0.0105947
1.90715 0.010406
1.90609 0.0102625
1.9068 0.0100955
1.90519 0.0100392
1.90448 0.00988404
1.90195 0.0100337
1.90176 0.00986102
1.90298 0.00976922
1.90356 0.00962214
1.90211 0.00957316
1.90241 0.00942232
1.90342 0.00932672
1.9036 0.0091816
1.9037 0.00903975
1.90442 0.00893099
1.90371 0.00882527
1.90388 0.0086961
1.90511 0.00865686
1.90792 0.00898493
1.90972 0.00903806
1.91067 0.00896175
1.90988 0.00887328
1.90987 0.00875255
1.90971 0.00863648
1.90997 0.00852604
1.90932 0.0084401
1.90997 0.00835666
1.91021 0.00825376
1.91 0.00815276
1.91027 0.00805622
1.91085 0.00797842
1.91077 0.00788219
1.91072 0.00778791
1.91143 0.00772795
1.91143 0.00763757
1.91212 0.00758149
1.91229 0.00749672
1.91131 0.00747715
1.90956 0.00759748
1.90967 0.00751433
1.90953 0.00743354
1.91025 0.00738855
1.91109 0.00735739
1.91101 0.00727992
1.91184 0.00725132
1.91113 0.00721105
1.90949 0.00732366
1.90948 0.00724933
1.91001 0.00719643
2.02897 0
1.93058 0.0983949
1.88177 0.074897
1.89301 0.0541398
1.89233 0.0419419
1.90371 0.0360868
1.89857 0.0309305
1.87298 0.0370452
1.87154 0.0327023
1.87534 0.0294954
1.86577 0.0283425
1.86765 0.0259408
1.8635 0.0242197
1.85338 0.0246028
1.8543 0.0229224
1.85762 0.0216987
1.85546 0.0204974
1.85865 0.019587
1.85906 0.0185321
1.85564 0.0179111
1.85059 0.0177692
1.84477 0.0179128
1.84637 0.0171901
1.84848 0.0165939
1.85132 0.0161671
1.84914 0.0156855
1.84802 0.0151346
1.85 0.0147182
1.85097 0.0142344
1.84886 0.0139131
1.84845 0.013463
1.84913 0.0130533
1.84909 0.0126517
1.84788 0.0123329
1.84757 0.0119795
1.84755 0.011642
1.84769 0.0113237
1.84877 0.0110749
1.84836 0.0107951
1.84808 0.0105256
1.84778 0.01027
1.84793 0.0100237
1.84796 0.00978789
1.85169 0.010265
1.85332 0.0101661
1.85335 0.00994269
1.85216 0.00980228
1.85208 0.0095962
1.85168 0.00940682
1.85267 0.00927039
1.85385 0.00916226
1.85307 0.0090175
1.85316 0.00884617
1.85313 0.00868087
1.85262 0.00853676
1.85073 0.00859412
1.85282 0.00869726
1.85458 0.00872474
1.85387 0.00860478
1.85234 0.00859732
1.85178 0.00847372
1.85093 0.00837911
1.85186 0.00829786
1.85181 0.00816737
1.85135 0.00805392
1.84914 0.00823198
1.84799 0.00818908
1.84767 0.00807426
1.84723 0.00796871
1.84513 0.00812857
1.84528 0.00801455
1.84504 0.00790611
1.84415 0.00784742
1.84483 0.00777111
1.84591 0.00774134
1.84711 0.00773297
1.8466 0.00764891
1.84613 0.00756462
1.84702 0.00752047
1.84643 0.0074492
1.84745 0.00742686
1.84742 0.00733579
1.84782 0.00725805
1.84872 0.00722708
1.84919 0.00715711
1.84973 0.00709383
1.85046 0.00704942
1.85069 0.00697284
1.85187 0.00699424
1.85311 0.00702584
1.85447 0.00708131
1.85604 0.00717619
1.8557 0.00710673
1.85612 0.00704355
1.85629 0.00697103
1.85631 0.00689805
1.85702 0.00686341
1.85746 0.0068072
1.85736 0.00673877
1.85575 0.00686231
