-3.50153 0
-3.49506 0.00647376
-3.49803 0.00477743
-3.49833 0.00339122
-3.4991 0.00273629
-3.49918 0.0022357
-3.49916 0.0018896
-3.49881 0.00167454
-3.49843 0.00152496
-3.49811 0.00140129
-3.49768 0.00133596
-3.49767 0.00121964
-3.49765 0.00112205
-3.49777 0.00104505
-3.49782 0.000974177
-3.49784 0.000911711
-3.498 0.000869644
-3.49808 0.000824555
-3.49808 0.000779955
-3.49814 0.000742305
-3.49827 0.00071733
-3.49844 0.000706497
-3.4984 0.000676444
-3.49837 0.000648335
-3.49831 0.000624429
-3.4983 0.000600094
-3.49828 0.000577754
-3.49819 0.000563777
-3.49811 0.000550379
-3.4981 0.000531824
-3.49811 0.000514531
-3.49824 0.00051598
-3.49831 0.000504243
-3.49832 0.000489285
-3.49835 0.000475888
-3.49829 0.000465545
-3.49829 0.00045284
-3.49826 0.000441713
-3.49822 0.000431979
-3.49819 0.000421913
-3.49823 0.00041317
-3.49827 0.00040512
-3.49824 0.000396402
-3.49824 0.000387289
-3.4982 0.00038139
-3.49823 0.000374531
-3.49815 0.000375994
-3.49813 0.000368451
-3.49817 0.000362581
-3.49822 0.000359729
-3.49831 0.000362361
-3.49834 0.000357529
-3.49836 0.000351044
-3.4983 0.000349009
-3.49832 0.000343136
-3.49826 0.000343359
-3.49821 0.000340774
-3.49818 0.000336061
-3.49815 0.000331286
-3.49816 0.000325787
-3.49811 0.000325002
-3.49804 0.000326935
-3.49797 0.000329536
-3.49792 0.000327681
-3.49792 0.000322626
-3.49793 0.000317988
-3.4979 0.000314504
-3.49793 0.000311024
-3.49793 0.000306546
-3.49798 0.000304852
-3.49801 0.000302186
-3.49797 0.000299804
-3.498 0.000296657
-3.49803 0.000294615
-3.49805 0.000291059
-3.49807 0.000288259
-3.49803 0.000287731
-3.49802 0.000284154
-3.49801 0.00028064
-3.49798 0.000278617
-3.49799 0.000275198
-3.49803 0.000274942
-3.49805 0.000272373
-3.49808 0.000270861
-3.49808 0.000267672
-3.49809 0.000264649
-3.49811 0.000262682
-3.49815 0.000262481
-3.49817 0.000259797
-3.49822 0.000261784
-3.49821 0.000258909
-3.49825 0.000258468
-3.49827 0.00025654
-3.49829 0.000254748
-3.49836 0.000261139
-3.49839 0.000260286
-3.49845 0.000265021
-3.49854 0.000275954
-3.49859 0.000277921
-3.49864 0.000279724
-2.26716 0
-2.26909 0.00192681
-2.26988 0.00136639
-2.26929 0.00113172
-2.26952 0.000906708
-2.26893 0.000947098
-2.26863 0.000854004
-2.26856 0.000743517
-2.2689 0.000739292
-2.26889 0.000661285
-2.26914 0.000646384
-2.26895 0.000618155
-2.26868 0.000630423
-2.26868 0.000583675
-2.26874 0.000547631
-2.26859 0.000534196
-2.26856 0.000503018
-2.26828 0.000547975
-2.2682 0.000525365
-2.26799 0.000538812
-2.26804 0.000514495
-2.268 0.000492199
-2.26798 0.000470768
-2.26805 0.000457024
-2.26813 0.00044509
-2.26822 0.000437651
-2.26816 0.0004262
-2.26814 0.000411227
-2.26819 0.00040061
-2.26814 0.000390988
-2.2683 0.000410637
-2.26833 0.000399324
-2.2684 0.000393065
-2.26837 0.000382675
-2.26832 0.000375262
-2.26825 0.000370964
-2.26815 0.000374566
-2.26809 0.000369375
-2.26808 0.000359804
-2.26805 0.000351974
-2.26815 0.000355441
-2.26817 0.000347421
-2.26811 0.000343494
-2.26807 0.000338888
-2.268 0.000337502
-2.26793 0.000338251
-2.2679 0.000331759
-2.26787 0.000326324
-2.26782 0.00032319
-2.26787 0.000319682
-2.26787 0.00031336
-2.26783 0.000310544
-2.26783 0.000304657
-2.26786 0.000300936
-2.26788 0.000295884
-2.26792 0.00029262
-2.26794 0.000288707
-2.26791 0.000285031
-2.26796 0.000283485
-2.26792 0.00028115
-2.26791 0.000276778
-2.26785 0.000279523
-2.26787 0.000276049
-2.26784 0.000273276
-2.26782 0.000269599
-2.26777 0.000270697
-2.26773 0.000270023
-2.26767 0.000271511
-2.26761 0.000274024
-2.26755 0.000276881
-2.26746 0.000287485
-2.26741 0.000288176
-2.26741 0.000284212
-2.2674 0.000280358
-2.2674 0.000276595
-2.26742 0.00027333
-2.26738 0.000272904
-2.26739 0.000269693
-2.26734 0.000271107
-2.26735 0.000267778
-2.26733 0.000264921
-2.26729 0.000264641
-2.26731 0.000262171
-2.2674 0.000272654
-2.26746 0.000276198
-2.26754 0.000284881
-2.2676 0.00028927
-2.26766 0.000290719
-2.26768 0.000288228
-2.26771 0.000286358
-2.26772 0.000283337
-2.26775 0.000281982
-2.2678 0.000283934
-2.26783 0.00028247
-2.26781 0.000280539
-2.26784 0.000279325
-2.26783 0.000276544
-2.26783 0.00027375
-2.2678 0.000273215
-2.26778 0.000271024
-1.70308 0
-1.70529 0.00220744
-1.70453 0.0014849
-1.70429 0.00107658
-1.70468 0.00091886
-1.70415 0.000916633
-1.7049 0.00107909
-1.70561 0.00117467
-1.70604 0.00111946
-1.70652 0.00111261
-1.70657 0.00100755
-1.70684 0.000958913
-1.70715 0.000935568
-1.70741 0.000903951
-1.708 0.00102647
-1.70845 0.00105873
-1.70846 0.00099458
-1.70854 0.000940931
-1.70876 0.000916546
-1.70892 0.000884822
-1.70896 0.000842386
-1.70908 0.000812488
-1.70906 0.000776494
-1.70925 0.000766267
-1.70944 0.000758264
-1.70955 0.00073767
-1.70982 0.00076041
-1.70979 0.000733673
-1.70986 0.000711451
-1.70982 0.000688682
-1.70971 0.000673699
-1.70975 0.00065323
-1.70977 0.000633386
-1.70972 0.000616096
-1.70977 0.000599858
-1.70972 0.000584992
-1.70969 0.000569508
-1.70965 0.000555638
-1.70971 0.00054433
-1.70982 0.000540699
-1.70991 0.000534823
-1.71002 0.000535056
-1.71001 0.000522729
-1.71 0.000510731
-1.70999 0.000499435
-1.71001 0.000489107
-1.71 0.000478828
-1.71004 0.000470411
-1.71004 0.000460711
-1.71006 0.000452045
-1.71009 0.000444206
-1.71014 0.000438177
-1.71025 0.000443861
-1.71021 0.000438019
-1.71018 0.000430516
-1.71016 0.000423589
-1.71013 0.000417049
-1.71011 0.000410132
-1.71007 0.000405478
-1.71006 0.00039881
-1.71001 0.000394837
-1.70994 0.000394601
-1.70995 0.000388294
-1.70993 0.000382472
-1.70989 0.000378782
-1.70986 0.000374309
-1.7098 0.000373064
-1.70979 0.00036784
-1.70982 0.000363646
-1.70984 0.000359038
-1.70986 0.000354771
-1.7099 0.000351413
-1.70995 0.000351684
-1.70996 0.000346903
-1.71002 0.000347856
-1.71004 0.000344173
-1.71002 0.000340508
-1.71 0.000336572
-1.71001 0.000332302
-1.71001 0.000328122
-1.70999 0.000324426
-1.70997 0.000320882
-1.70999 0.000317714
-1.71004 0.000316745
-1.71008 0.000316106
-1.7101 0.000312767
-1.71013 0.000311119
-1.71014 0.000307607
-1.71012 0.000304483
-1.71014 0.000301506
-1.71006 0.000307631
-1.71009 0.000305316
-1.71009 0.000302031
-1.71011 0.000299218
-1.7101 0.000296207
-1.71013 0.000294577
-1.71011 0.000291943
-1.71012 0.000289183
-1.71013 0.000286412
-1.71014 0.000283644
-1.55501 0
-1.5515 0.0035168
-1.55282 0.00242459
-1.55225 0.00180578
-1.55207 0.00141051
-1.55306 0.00151876
-1.55342 0.00133234
-1.55415 0.00136796
-1.55445 0.00124119
-1.55435 0.00111422
-1.5545 0.00101865
-1.55451 0.000929949
-1.55479 0.000899272
-1.55459 0.00085482
-1.5543 0.000848272
-1.55432 0.00079368
-1.55432 0.000745549
-1.55416 0.000721203
-1.55403 0.00069516
-1.55404 0.000659713
-1.55393 0.000637076
-1.55377 0.000629032
-1.55372 0.000603069
-1.55343 0.00064614
-1.55337 0.000623026
-1.55337 0.000598587
-1.55321 0.000597119
-1.55344 0.000618235
-1.55331 0.000609612
-1.55329 0.000589464
-1.55336 0.000574719
-1.55349 0.000570779
-1.55343 0.000555711
-1.55353 0.000547978
-1.55358 0.000534308
-1.55364 0.000523152
-1.55354 0.000518609
-1.55348 0.000508918
-1.55344 0.000497525
-1.55338 0.000488305
-1.55325 0.000492819
-1.55311 0.000500507
-1.55302 0.000498109
-1.55297 0.000488881
-1.55283 0.00049846
-1.55282 0.00048763
-1.55281 0.000477256
-1.55277 0.000468587
-1.55271 0.00046323
-1.55268 0.00045492
-1.55272 0.000447648
-1.55272 0.000438958
-1.55274 0.000431024
-1.55272 0.000423535
-1.55264 0.000422758
-1.55253 0.000430713
-1.5525 0.000423594
-1.5525 0.000416303
-1.55251 0.000409288
-1.55241 0.000412538
-1.55239 0.000406335
-1.55239 0.000399796
-1.55236 0.000394291
-1.55234 0.000388514
-1.55228 0.000386877
-1.55225 0.000382153
-1.55223 0.000377121
-1.55228 0.000374664
-1.55227 0.000369244
-1.55226 0.000364008
-1.55222 0.000362022
-1.55213 0.000366201
-1.5521 0.000362513
-1.55208 0.000358108
-1.5521 0.000353596
-1.55209 0.000348973
-1.55207 0.000345209
-1.55209 0.000341594
-1.55212 0.000338415
-1.55212 0.000334188
-1.55212 0.00033009
-1.55208 0.00032886
-1.5521 0.000325536
-1.55212 0.00032232
-1.55214 0.000319469
-1.55217 0.000316437
-1.55218 0.000312944
-1.5522 0.000310622
-1.55218 0.000307886
-1.55223 0.000307943
-1.55221 0.000305108
-1.55224 0.000303275
-1.55228 0.000303236
-1.55229 0.000300119
-1.5523 0.000297132
-1.55234 0.000296306
-1.55234 0.000293251
-1.55234 0.000290274
-1.55241 0.000295723
-1.55246 0.00029655
-1.64299 0
-1.6366 0.00638922
-1.63879 0.00428709
-1.63782 0.00318307
-1.6372 0.00254201
-1.6372 0.00207555
-1.63647 0.00189662
-1.63668 0.00165565
-1.63693 0.00148033
-1.63704 0.00132851
-1.63715 0.00120737
-1.63731 0.00111394
-1.63732 0.00102468
-1.63732 0.00094867
-1.63765 0.000944291
-1.63764 0.000883435
-1.63784 0.000855426
-1.63805 0.000831449
-1.638 0.000787634
-1.63802 0.000747445
-1.6381 0.000714946
-1.63815 0.000683429
-1.63811 0.00065387
-1.63805 0.000628783
-1.63785 0.000636027
-1.63768 0.00063396
-1.63781 0.000623799
-1.63775 0.000604825
-1.63777 0.000584056
-1.63785 0.000570583
-1.63786 0.000551976
-1.63783 0.000535709
-1.63783 0.000519235
-1.63782 0.000503828
-1.63779 0.000490009
-1.6379 0.000487844
-1.63795 0.000476719
-1.63807 0.000479781
-1.63801 0.00047045
-1.63803 0.000458893
-1.63802 0.000447633
-1.63811 0.000445295
-1.63819 0.000441229
-1.63815 0.000432582
-1.63809 0.00042664
-1.63798 0.000431325
-1.63804 0.00042524
-1.63802 0.000416445
-1.63811 0.000416206
-1.63813 0.0004082
-1.63809 0.000401335
-1.63804 0.000397541
-1.63801 0.000390662
-1.638 0.000383491
-1.63804 0.000378221
-1.63812 0.000378951
-1.63818 0.000377482
-1.6381 0.000378811
-1.63794 0.000405329
-1.63792 0.000399093
-1.6379 0.000392923
-1.63789 0.000386657
-1.63787 0.000381043
-1.63787 0.00037506
-1.6378 0.000375852
-1.63778 0.000370324
-1.63776 0.000365628
-1.63775 0.000360245
-1.6377 0.00035885
-1.6377 0.000353693
-1.63774 0.000350371
-1.6377 0.000347188
-1.6377 0.000342399
-1.63774 0.000339239
-1.63781 0.000341957
-1.63781 0.000337428
-1.63778 0.000333902
-1.63779 0.000329854
-1.63777 0.000326625
-1.63774 0.000323569
-1.63783 0.000329847
-1.63785 0.000326451
-1.63791 0.000329451
-1.63794 0.000326776
-1.63798 0.000325492
-1.63799 0.00032186
-1.63798 0.000318269
-1.63798 0.000314632
-1.63798 0.000311193
-1.63796 0.000308293
-1.63796 0.000304971
-1.6379 0.000309114
-1.63785 0.000309416
-1.63787 0.00030665
-1.63784 0.000304885
-1.63786 0.000302368
-1.63788 0.000300314
-1.63786 0.000298053
-1.63789 0.000296373
-1.63792 0.000295127
