2.70887 0
2.23207 0.476803
2.02127 0.346722
1.92097 0.264893
1.83245 0.223467
1.78224 0.189242
1.74459 0.16431
1.72155 0.14415
1.70648 0.128018
1.69458 0.115119
1.67356 0.10623
1.66125 0.0977533
1.65024 0.090591
1.64647 0.0839556
1.64635 0.0781585
1.64404 0.0731471
1.6393 0.0688733
1.63991 0.0649372
1.63927 0.0614278
1.63855 0.05828
1.63014 0.0560695
1.63116 0.0534699
1.63139 0.0510928
1.63177 0.0489191
1.63297 0.046937
1.63556 0.0451695
1.63279 0.0435526
1.62836 0.0422014
1.62572 0.0408052
1.62423 0.0394498
1.62325 0.0381687
1.62194 0.0369798
1.62089 0.0358571
1.6178 0.0349231
1.61554 0.0339863
1.61392 0.0330681
1.61404 0.0321622
1.61457 0.0313089
1.61478 0.0304962
1.61401 0.0297339
1.61379 0.0290004
1.61492 0.0283238
1.61481 0.0276574
1.61445 0.027024
1.61354 0.0264323
1.61437 0.0258646
1.61666 0.0254122
1.61569 0.0248962
1.61645 0.0243946
1.61735 0.0239189
1.61733 0.0234452
1.61627 0.0230142
1.6189 0.0227284
1.61924 0.0223062
1.61788 0.0219396
1.617 0.021562
1.61486 0.0212886
1.61467 0.0209192
1.61317 0.020616
1.61117 0.0203681
1.61128 0.0200317
1.61073 0.0197136
1.6101 0.0194082
1.60757 0.0192702
1.60741 0.0189721
1.6069 0.0186893
1.60759 0.0184212
1.60815 0.0181569
1.60754 0.0179022
1.6074 0.0176452
1.60776 0.0173985
1.6071 0.0171676
1.60542 0.0170147
1.60516 0.0167852
1.60471 0.0165659
1.60592 0.0163913
1.60553 0.0161818
1.60332 0.0161255
1.60376 0.0159263
1.60336 0.0157312
1.60202 0.0155929
1.60166 0.0154059
1.60237 0.0152359
1.60319 0.0150757
1.60385 0.0149121
1.60311 0.0147565
1.60335 0.0145879
1.60259 0.0144411
1.60138 0.014329
1.60172 0.0141729
1.6019 0.0140175
1.60099 0.0138938
1.60108 0.0137438
1.6013 0.0135986
1.601 0.013458
1.6008 0.0133186
1.59864 0.0133558
1.59777 0.0132477
1.59718 0.0131263
1.59706 0.012995
2.55451 0
2.43085 0.123662
2.39825 0.0784891
2.36369 0.0653779
2.35107 0.0521903
2.36011 0.0435608
2.34782 0.0388127
2.32344 0.0415221
2.32581 0.0366956
2.32732 0.0328562
2.35093 0.0379592
2.36328 0.036787
2.36539 0.0339047
2.35562 0.0328747
2.36232 0.0313299
2.36529 0.0294561
2.36379 0.0277099
2.35919 0.0265262
2.35359 0.0257089
2.34759 0.0251169
2.34442 0.0240999
2.34102 0.0232294
2.34421 0.0224243
2.34954 0.0221228
2.3465 0.021437
2.35271 0.0215132
2.35028 0.0208428
2.35177 0.0201393
2.35705 0.0201387
2.35788 0.0194731
2.354 0.0192289
2.35131 0.0188124
2.35333 0.0183452
2.35658 0.0180922
2.3549 0.0176476
2.35389 0.0171801
2.35459 0.016724
2.35296 0.0163595
2.35314 0.0159355
2.35376 0.0155443
2.35447 0.0151771
2.3572 0.0150596
2.35834 0.0147499
2.35951 0.0144582
2.35879 0.014152
2.35614 0.0140921
2.35579 0.0137934
2.35708 0.0135642
2.35623 0.0133117
2.354 0.0132311
2.35346 0.0129803
2.35493 0.0128133
2.352 0.0129075
2.35009 0.0128093
2.34855 0.0126678
2.34806 0.0124492
2.34972 0.0123412
2.34894 0.0121517
2.34748 0.0120332
2.3456 0.0119797
2.34663 0.0118273
2.34578 0.011666
2.34291 0.0118339
2.34219 0.0116698
2.34216 0.0114889
2.34309 0.0113513
2.34506 0.0113524
2.34715 0.0113785
2.34543 0.0113436
2.34532 0.0111809
2.34505 0.0110256
2.34348 0.010984
2.3422 0.010908
2.34286 0.0107799
2.34364 0.0106639
2.34457 0.0105632
2.34394 0.0104439
2.34453 0.0103259
2.34524 0.0102194
2.34605 0.010123
2.34642 0.010004
2.34552 0.00992249
2.34311 0.0100934
2.34424 0.0100366
2.3448 0.00993347
2.34466 0.0098183
2.34567 0.00975774
2.347 0.00973677
2.34747 0.00963851
2.34775 0.00953483
2.34912 0.00952805
2.35033 0.00950139
2.35076 0.00940869
2.35221 0.0094193
2.35188 0.00932517
2.35276 0.00926913
2.35405 0.00926292
2.35473 0.00919336
2.35548 0.00913056
2.35403 0.00915448
2.84016 0
2.85512 0.0149596
2.83783 0.0193193
2.84089 0.0139978
2.83586 0.0119522
2.85668 0.0229981
2.82758 0.0349969
2.82986 0.0303941
2.8242 0.0273976
2.80126 0.0335624
2.79462 0.0310766
2.7873 0.0292992
2.78592 0.0269864
2.78488 0.0250063
2.77979 0.0238283
2.78916 0.0241779
2.77824 0.0252006
2.75964 0.0301768
2.74863 0.030594
2.75452 0.0296161
2.7575 0.0283282
2.76198 0.0273787
2.75451 0.0272073
2.75122 0.0262565
2.75324 0.0252657
2.7487 0.0246962
2.74624 0.0238904
2.75042 0.0233971
2.75378 0.0228251
2.75857 0.0225643
2.75837 0.0218251
2.75391 0.0215973
2.75213 0.0210086
2.74662 0.0211126
2.74247 0.020917
2.74265 0.0203285
2.74476 0.0198841
2.74602 0.0193942
2.7479 0.0189835
2.75057 0.0186953
2.74705 0.0185699
2.75054 0.0184552
2.7518 0.018065
2.74913 0.0178507
2.74567 0.0177891
2.74679 0.0174342
2.75095 0.0175589
2.7507 0.017191
2.74982 0.0168593
2.74685 0.016784
2.74577 0.0164869
2.74272 0.0164531
2.74409 0.0161982
2.74412 0.0158954
2.74447 0.0156076
2.74288 0.0154086
2.74013 0.0153826
2.743 0.0153841
2.74352 0.0151302
2.74239 0.0149189
2.74156 0.0146955
2.74099 0.0144677
2.73771 0.0146107
2.73864 0.0144109
2.73652 0.0143444
2.7383 0.0142365
2.73685 0.0140969
2.73483 0.0140344
2.73743 0.0140709
2.73983 0.0140752
2.73983 0.0138755
2.73967 0.0136825
2.73881 0.0135209
2.73902 0.0133386
2.73907 0.0131596
2.73933 0.012988
2.73926 0.0128185
2.73924 0.0126531
2.73848 0.0125155
2.73855 0.0123583
2.74021 0.0123169
2.74075 0.0121776
2.73974 0.0120722
2.73737 0.012161
2.73846 0.0120666
2.73844 0.0119255
2.73787 0.0118017
2.7377 0.0116681
2.73763 0.0115364
2.73749 0.0114084
2.73647 0.0113284
2.73567 0.0112325
2.73583 0.0111121
2.73623 0.0110006
2.7372 0.0109268
2.73831 0.0108695
2.73928 0.010801
2.73908 0.0106922
2.74112 0.0107784
2.7414 0.0106737
2.90232 0
2.74413 0.158188
2.77503 0.0964137
2.82294 0.0833273
2.82409 0.0645552
2.80833 0.0550122
2.79446 0.0485199
2.7892 0.0423477
2.79613 0.0379849
2.79782 0.0340167
2.79537 0.0308667
2.79302 0.0282753
2.80471 0.0285173
2.81194 0.0273737
2.81052 0.0255232
2.80993 0.0238819
2.81512 0.0230246
2.8272 0.0248409
2.82789 0.0235074
2.83114 0.0225367
2.83269 0.0214926
2.82901 0.0208206
2.83037 0.0199413
2.8244 0.0200051
2.82029 0.0196223
2.81952 0.0188681
2.82306 0.0184973
2.82318 0.0178248
2.83465 0.0206749
2.84287 0.0215982
2.84635 0.021177
2.85224 0.0213343
2.85206 0.0206785
2.84727 0.0206265
2.84471 0.0201916
2.84658 0.0197121
2.85142 0.0197728
2.85272 0.0192896
2.85097 0.01887
2.84998 0.0184191
2.853 0.0182173
2.85045 0.0179605
2.84891 0.0176057
2.85218 0.0175108
2.85369 0.0171833
2.85292 0.0168235
2.8566 0.0168692
2.85818 0.0165894
2.86075 0.0164487
2.85913 0.0161973
2.85983 0.0158921
2.86072 0.0156089
2.85913 0.0153937
2.8602 0.0151432
2.85779 0.0150589
2.85672 0.0148261
2.85292 0.0150505
2.85264 0.0147915
2.85447 0.0146538
2.85533 0.0144332
2.85316 0.0143597
2.85361 0.0141335
2.85513 0.0139901
2.8554 0.0137724
2.85555 0.0135596
2.85663 0.0133965
2.85557 0.0132379
2.85581 0.0130441
2.85766 0.0129853
2.86188 0.0134774
2.86458 0.0135571
2.866 0.0134426
2.86481 0.0133099
2.86481 0.0131288
2.86457 0.0129547
2.86496 0.0127891
2.86398 0.0126602
2.86495 0.012535
2.86532 0.0123806
2.865 0.0122291
2.86541 0.0120843
2.86628 0.0119676
2.86615 0.0118233
2.86608 0.0116819
2.86714 0.0115919
2.86714 0.0114563
2.86819 0.0113722
2.86844 0.0112451
2.86696 0.0112157
2.86434 0.0113962
2.8645 0.0112715
2.86429 0.0111503
2.86537 0.0110828
2.86663 0.0110361
2.86652 0.0109199
2.86776 0.010877
2.8667 0.0108166
2.86424 0.0109855
2.86421 0.010874
2.86502 0.0107946
3.04346 0
2.89587 0.147592
2.82265 0.112346
2.83951 0.0812096
2.8385 0.0629129
2.85557 0.0541301
2.84785 0.0463957
2.80946 0.0555678
2.80731 0.0490534
2.81301 0.0442431
2.79866 0.0425138
2.80147 0.0389111
2.79525 0.0363295
2.78006 0.0369041
2.78144 0.0343836
2.78644 0.032548
2.78318 0.030746
2.78797 0.0293805
2.78859 0.0277981
2.78346 0.0268666
2.77589 0.0266538
2.76716 0.0268692
2.76955 0.0257851
2.77272 0.0248908
2.77698 0.0242507
2.77371 0.0235282
2.77203 0.0227018
2.77501 0.0220772
2.77645 0.0213516
2.77328 0.0208697
2.77268 0.0201944
2.7737 0.0195799
2.77363 0.0189775
2.77182 0.0184994
2.77135 0.0179692
2.77133 0.017463
2.77153 0.0169856
2.77316 0.0166124
2.77254 0.0161926
2.77211 0.0157884
2.77166 0.015405
2.7719 0.0150356
2.77194 0.0146818
2.77754 0.0153975
2.77998 0.0152491
2.78003 0.014914
2.77823 0.0147034
2.77812 0.0143943
2.77752 0.0141102
2.77901 0.0139056
2.78077 0.0137434
2.77961 0.0135263
2.77975 0.0132693
2.77969 0.0130213
2.77893 0.0128051
2.77609 0.0128912
2.77923 0.0130459
2.78186 0.0130871
2.7808 0.0129072
2.77851 0.012896
2.77767 0.0127106
2.77639 0.0125687
2.7778 0.0124468
2.77771 0.012251
2.77702 0.0120809
2.77371 0.012348
2.77199 0.0122836
2.77151 0.0121114
2.77084 0.0119531
2.7677 0.0121928
2.76791 0.0120218
2.76755 0.0118592
2.76622 0.0117711
2.76725 0.0116567
2.76886 0.011612
2.77066 0.0115994
2.7699 0.0114734
2.7692 0.0113469
2.77053 0.0112807
2.76964 0.0111738
2.77117 0.0111403
2.77113 0.0110037
2.77173 0.0108871
2.77308 0.0108406
2.77379 0.0107357
2.77459 0.0106407
2.77568 0.0105741
2.77604 0.0104593
2.77781 0.0104914
2.77966 0.0105388
2.78171 0.010622
2.78406 0.0107643
2.78355 0.0106601
2.78418 0.0105653
2.78444 0.0104565
2.78446 0.0103471
2.78552 0.0102951
2.78618 0.0102108
2.78604 0.0101082
2.78363 0.0102935
