1.80003 0
1.80012 8.55076e-05
1.80026 0.000146906
1.80045 0.000219082
1.8007 0.00030254
1.80101 0.000397565
1.80139 0.000504679
1.80183 0.000624798
1.80236 0.000759449
1.80296 0.000910799
1.80367 0.0010818
1.80447 0.00127641
1.80541 0.00149982
1.80649 0.00175891
1.80774 0.00206298
1.80921 0.00242463
1.81094 0.00286074
1.813 0.00339325
1.81547 0.00404755
1.81841 0.00484081
1.82183 0.00573457
1.82535 0.00650339
1.82803 0.00676818
1.83015 0.0068181
1.83328 0.00724992
1.83683 0.00781518
1.84113 0.00866403
1.84606 0.00969488
1.85041 0.0103166
1.85412 0.0106363
1.85728 0.0107613
1.8606 0.0109352
1.86488 0.0114321
1.86936 0.0119612
1.87344 0.0123096
1.87755 0.0126494
1.88184 0.013028
1.88605 0.0133602
1.89011 0.0136341
1.89407 0.0138642
1.89794 0.0140657
1.90177 0.0142524
1.90568 0.0144541
1.9096 0.0146567
1.9133 0.0147966
1.91665 0.0148544
1.91968 0.0148469
1.92224 0.0147589
1.92505 0.014725
1.92824 0.0147762
1.93086 0.0147182
1.93367 0.0147027
1.93654 0.0147065
1.93834 0.0145427
1.94007 0.0143805
1.94265 0.0143549
1.94539 0.0143655
1.94807 0.0143665
1.95069 0.0143626
1.95327 0.0143553
1.95574 0.0143316
1.95774 0.0142401
1.9593 0.0140992
1.96102 0.0139828
1.96276 0.0138755
1.96448 0.0137717
1.96615 0.0136676
1.96778 0.0135629
1.96938 0.0134605
1.97089 0.013352
1.97233 0.0132418
1.97377 0.0131352
1.97521 0.013034
1.97661 0.0129327
1.9777 0.012805
1.97825 0.0126478
1.97905 0.0125079
1.9804 0.01242
1.98179 0.0123404
1.98281 0.012228
1.98361 0.012102
1.9844 0.0119802
1.9853 0.011869
1.98627 0.0117664
1.98727 0.0116701
1.98828 0.0115782
1.98929 0.0114887
1.99028 0.0114004
1.99123 0.0113112
1.99208 0.0112173
1.99282 0.0111178
1.99351 0.0110181
1.99417 0.0109191
1.99478 0.0108194
1.99542 0.0107243
1.99614 0.0106359
1.99684 0.0105492
1.99749 0.0104611
1.99803 0.0103689
1.99851 0.010276
1.80167 0
1.80457 0.00290776
1.80882 0.00456813
1.81149 0.00418765
1.81228 0.00333902
1.81335 0.0029285
1.81644 0.00395749
1.82074 0.00550499
1.82381 0.00574339
1.82475 0.00522185
1.82506 0.00473335
1.82565 0.00436174
1.82534 0.00402439
1.82451 0.00381652
1.82428 0.00356031
1.82413 0.00333387
1.82427 0.00313483
1.8251 0.0030694
1.82646 0.00320607
1.82746 0.00319973
1.82745 0.00304356
1.8267 0.00299643
1.82639 0.00287999
1.82675 0.00278029
1.82734 0.00273226
1.82788 0.00267886
1.82822 0.00260057
1.82869 0.00254989
1.82952 0.00259571
1.82993 0.00254097
1.82939 0.00251507
1.82891 0.00248395
1.82928 0.00243636
1.82898 0.00238307
1.8293 0.00233711
1.83048 0.00255705
1.83149 0.00268663
1.83205 0.0026733
1.83254 0.00264976
1.83335 0.00270665
1.8342 0.00277176
1.8346 0.00273439
1.8345 0.00267166
1.83451 0.00261024
1.83503 0.00260494
1.83578 0.00265363
1.83637 0.00266389
1.83688 0.00265642
1.83748 0.00267028
1.83822 0.00271924
1.83892 0.0027548
1.8394 0.00274423
1.8398 0.00272225
1.84009 0.00268685
1.84037 0.00265243
1.8409 0.00265659
1.84162 0.00270737
1.84224 0.00273325
1.84255 0.0027039
1.84255 0.00265846
1.84266 0.00261648
1.84304 0.00260317
1.84348 0.00259777
1.84376 0.00257209
1.84381 0.00253272
1.8437 0.00249627
1.84359 0.00246111
1.84354 0.00242524
1.84353 0.00238984
1.84355 0.00235553
1.84359 0.00232248
1.84369 0.00229218
1.84391 0.00227059
1.84422 0.00226187
1.84442 0.00223992
1.84407 0.00223714
1.8438 0.00222425
1.84369 0.00219857
1.84338 0.002192
1.84343 0.00216495
1.84382 0.00217291
1.84424 0.00218687
1.84446 0.00217136
1.84467 0.00215569
1.84496 0.00214986
1.84527 0.00214804
1.84564 0.00215401
1.84607 0.00217395
1.84657 0.00220619
1.84694 0.00221186
1.84671 0.00219938
1.84655 0.00218086
1.84681 0.00217331
1.8471 0.00216924
1.84728 0.00215396
1.84744 0.0021374
1.84763 0.00212369
1.84784 0.00211232
1.84805 0.00210106
1.8482 0.00208547
1.79033 0
1.77874 0.0115859
1.76665 0.0138195
1.7581 0.0129824
1.75349 0.0110639
1.75107 0.00935302
1.74901 0.00816782
1.74712 0.0073225
1.74637 0.00650023
1.74558 0.00586784
1.74389 0.00557208
1.74076 0.00596806
1.73649 0.00695971
1.7342 0.00683541
1.73413 0.00636385
1.73458 0.0059698
1.73412 0.00562656
1.73135 0.00598453
1.72786 0.00664801
1.72596 0.0065892
1.7255 0.0062842
1.72528 0.00599587
1.72482 0.00574723
1.72448 0.00551315
1.72448 0.00528803
1.72473 0.00508653
1.72454 0.00489797
1.72478 0.00472568
1.72584 0.00468292
1.72713 0.00470426
1.72821 0.00467557
1.729 0.00459556
1.72958 0.00449227
1.73048 0.00444914
1.7317 0.00448951
1.73244 0.00442512
1.73333 0.00439402
1.73402 0.00433371
1.73441 0.00423867
1.73501 0.00417535
1.73603 0.00419654
1.73723 0.00426858
1.73843 0.00433732
1.73959 0.00439383
1.74057 0.00440381
1.74138 0.00438254
1.74226 0.00437904
1.74333 0.00441696
1.74443 0.00446401
1.74522 0.00444416
1.74554 0.004368
1.74604 0.00431274
1.74694 0.00432431
1.74775 0.00432119
1.74866 0.00433872
1.74982 0.00441507
1.75104 0.00450591
1.75224 0.00458553
1.75339 0.00465194
1.75446 0.00469837
1.75539 0.00471263
1.75624 0.00471372
1.75711 0.0047192
1.75802 0.00473186
1.75909 0.00477995
1.76005 0.00480348
1.76048 0.00475144
1.76048 0.00468105
1.7606 0.00461406
1.76107 0.00457183
1.76186 0.00457675
1.7627 0.00458988
1.7634 0.00458069
1.76381 0.00453653
1.76375 0.00447599
1.76354 0.00442192
1.76355 0.00436413
1.76373 0.00431166
1.76401 0.00426633
1.76439 0.00422964
1.76482 0.00419859
1.76529 0.00417432
1.76585 0.00416044
1.76638 0.004145
1.76665 0.00410501
1.76665 0.004057
1.76701 0.00402627
1.76795 0.0040903
1.76901 0.00418081
1.7698 0.00420852
1.77031 0.00419295
1.7711 0.00422177
1.77219 0.00431609
1.7733 0.00441319
1.77445 0.00451426
1.77559 0.00461027
1.77658 0.00466817
1.77732 0.00468007
1.77827 0.00472845
1.77948 0.00483459
1.79956 0
1.79855 0.00100797
1.79807 0.000752344
1.79602 0.0021169
1.79182 0.00451
1.79011 0.00406319
1.79072 0.00348907
1.79094 0.00302936
1.78992 0.00285781
1.7881 0.00314102
1.78787 0.00285002
1.78837 0.00264923
1.78819 0.00244386
1.78693 0.00258903
1.78569 0.00271132
1.78518 0.00258781
1.78475 0.00246778
1.78393 0.00246668
1.78279 0.00259625
1.78147 0.00279343
1.77999 0.00304211
1.77841 0.00330574
1.77689 0.00350244
1.77556 0.00361037
1.77433 0.00367236
1.77309 0.00373957
1.77163 0.00388524
1.76966 0.00422848
1.76726 0.00473501
1.765 0.00510474
1.76371 0.00510113
1.76337 0.00495121
1.76339 0.00479888
1.76337 0.00465563
1.76269 0.00457196
1.76094 0.00477628
1.75967 0.00481597
1.75907 0.00472594
1.75877 0.00461281
1.75849 0.0045045
1.75797 0.00442392
1.75702 0.00442084
1.75589 0.00446344
1.75483 0.00448754
1.75397 0.00446911
1.75365 0.00438273
1.75359 0.00428889
1.75356 0.00419867
1.75345 0.00411359
1.75305 0.00405009
1.75222 0.00405673
1.75129 0.00408576
1.75077 0.00404163
1.75073 0.00396623
1.75094 0.0038989
1.75121 0.00383835
1.75148 0.0037802
1.75168 0.00371973
1.75172 0.00365633
1.75157 0.00359771
1.75127 0.00355172
1.75078 0.0035277
1.75044 0.00348741
1.75039 0.00343287
1.75042 0.00337976
1.75033 0.00332926
1.7502 0.0032821
1.74992 0.00324551
1.74943 0.00323567
1.74893 0.00322778
1.74854 0.00320548
1.7483 0.0031697
1.74811 0.00313202
1.74788 0.00309741
1.74758 0.00307103
1.74708 0.00307056
1.74652 0.00308269
1.7461 0.00307092
1.74576 0.00305135
1.74539 0.00303548
1.74496 0.00302823
1.74446 0.00303285
1.74392 0.00304502
1.74333 0.00306556
1.74263 0.00310903
1.74184 0.00317327
1.74116 0.00320808
1.74074 0.00319996
1.74038 0.00318394
1.7399 0.00318463
1.73954 0.0031696
1.73909 0.00316807
1.73843 0.00320209
1.73806 0.00318921
1.73788 0.00316045
1.73774 0.00313056
1.73763 0.0031001
1.73755 0.00306938
1.73745 0.00303991
1.73728 0.00301375
1.80325 0
1.8017 0.00155389
1.79738 0.0044127
1.79757 0.00312585
1.80231 0.00532679
1.80627 0.00588117
1.80914 0.00573995
1.81165 0.00557089
1.81254 0.0049917
1.81243 0.00446606
1.81305 0.00408763
1.81339 0.0037465
1.81329 0.00344758
1.81326 0.00319204
1.81246 0.00307709
1.80994 0.00382155
1.8084 0.00390934
1.80894 0.00372609
1.80994 0.00366426
1.81033 0.003498
1.80936 0.00346826
1.80833 0.00346076
1.80763 0.00338176
1.80745 0.00324251
1.80788 0.00314005
1.80807 0.00302269
1.80835 0.0029223
1.80906 0.00290216
1.80893 0.00280305
1.8088 0.0027112
1.81003 0.00289557
1.81087 0.00292625
1.81116 0.00285124
1.81145 0.00278166
1.81168 0.00271089
1.8122 0.00268519
1.81272 0.00266116
1.81327 0.00264801
1.814 0.00268297
1.81487 0.00275544
1.81567 0.00280429
1.81627 0.00280086
1.81656 0.00275003
1.81644 0.00268926
1.816 0.00266638
1.8158 0.00261526
1.81621 0.00259245
1.81686 0.0026181
1.81729 0.00260099
1.81714 0.0025528
1.81674 0.00253475
1.81639 0.00250956
1.81626 0.00246516
1.81644 0.00242548
1.81658 0.00238505
1.81631 0.00235783
1.81501 0.00265325
1.81364 0.00294792
1.81333 0.00291364
1.81338 0.0028651
1.81333 0.00281821
1.81311 0.00278075
1.81319 0.00273737
1.81344 0.00270551
1.81356 0.00266619
1.81345 0.00262756
1.81329 0.00259323
1.81323 0.00255545
1.81335 0.00252105
1.81357 0.00249447
1.81366 0.00246067
1.81364 0.00242637
1.81365 0.00239293
1.81377 0.0023638
1.81403 0.00234585
1.81426 0.00232685
1.81434 0.00229781
1.81413 0.0022787
1.81358 0.00231576
1.81312 0.00233131
1.81287 0.0023158
1.81264 0.00229902
1.81227 0.00230131
1.81175 0.00233253
1.81126 0.00235587
1.81088 0.00235907
1.81048 0.00236619
1.80993 0.00240422
1.80934 0.00244902
1.80875 0.00249111
1.80798 0.00258021
1.80697 0.00274538
1.80608 0.00285814
1.80546 0.00289568
1.80492 0.00291505
1.80433 0.00294444
1.80351 0.00302745
1.80239 0.00319827
1.80154 0.00327718
1.80076 0.0033361
1.78778 0
1.79281 0.00503684
1.80459 0.0121323
1.81357 0.0124159
1.82011 0.0116336
1.82439 0.0104177
1.82567 0.00889711
1.82481 0.00775309
1.82502 0.00684078
1.82724 0.00650893
1.82947 0.00629646
1.83016 0.00578907
1.82734 0.00602506
1.82592 0.00575637
1.82774 0.00565915
1.82994 0.00573363
1.83204 0.00578058
1.83387 0.0057483
1.83521 0.00559887
1.83586 0.00535167
1.83589 0.00509057
1.83581 0.00485437
1.8363 0.00466446
1.83731 0.00457927
1.83738 0.00439274
1.83689 0.00424901
1.83733 0.00411239
1.83764 0.00397474
1.83755 0.00383623
1.83715 0.00372736
1.83713 0.00360518
1.8376 0.00352168
1.83847 0.00352427
1.83955 0.00358345
1.84064 0.00364747
1.84166 0.00368994
1.84247 0.00367809
1.84272 0.00358894
1.84177 0.00362423
1.84189 0.00353475
1.84223 0.00346336
1.84203 0.00338528
1.84138 0.00336919
1.84133 0.00329215
1.8415 0.00322264
1.84159 0.00315317
1.84158 0.00308538
1.84124 0.00303904
1.84103 0.00298442
1.84122 0.00293039
1.84145 0.00288218
1.8413 0.00283049
1.84051 0.00288789
1.83986 0.00290718
1.83964 0.00286191
1.83962 0.00281042
1.83966 0.0027609
1.83962 0.00271315
1.83952 0.00266836
1.83942 0.00262551
1.83911 0.00260098
1.83854 0.0026209
1.8381 0.00261649
1.8378 0.00259268
1.83743 0.00257888
1.83697 0.0025818
1.83642 0.00260025
1.83579 0.00263897
1.83517 0.00267285
1.8347 0.00267684
1.8343 0.00266908
1.83385 0.00266997
1.83329 0.00269067
1.83269 0.0027224
1.83206 0.00275821
1.8314 0.00280056
1.83082 0.00282339
1.83039 0.00281974
1.83004 0.00280623
1.82966 0.00279665
1.82922 0.00279772
1.82884 0.00278834
1.82871 0.00275772
1.82874 0.0027248
1.82882 0.00269381
1.82891 0.00266401
1.82899 0.00263426
1.82898 0.00260417
1.82885 0.00257766
1.82876 0.00255069
1.82886 0.00252448
1.8292 0.00252017
1.82963 0.00253069
1.83004 0.00253685
1.83042 0.0025384
1.83072 0.00252913
1.83096 0.00251482
1.8313 0.00251135
1.83172 0.00252126
1.83205 0.00251816
1.77993 0
1.76909 0.0108446
1.77126 0.0066276
1.77807 0.00826683
1.78418 0.00884637
1.78841 0.00837055
1.79056 0.00739578
1.79057 0.00640494
1.78859 0.00598761
1.78673 0.00566798
1.78668 0.00512717
1.78744 0.00474196
1.78815 0.00442006
1.78906 0.00419174
1.79048 0.00415135
1.79173 0.00408006
1.79238 0.00388737
1.79408 0.00404178
1.79667 0.00461682
1.79886 0.00489475
1.80112 0.00517627
1.80357 0.00551135
1.80587 0.00574797
1.80871 0.00618987
1.81165 0.00662808
1.81388 0.0067468
1.81553 0.00669759
1.81764 0.00679048
1.82018 0.007027
1.82237 0.00713288
1.82385 0.00705704
1.82546 0.00701936
1.82761 0.00713345
1.82925 0.00711257
1.82991 0.00693817
1.83116 0.00685722
1.83314 0.00695795
1.83517 0.00706843
1.8364 0.00699516
1.83713 0.00685646
1.83817 0.00676757
1.83941 0.00671896
1.84076 0.00669885
1.84196 0.00665385
1.84289 0.00657031
1.84373 0.00648125
1.84445 0.00638235
1.84496 0.0062691
1.84556 0.00616849
1.84637 0.00609877
1.84695 0.00600567
1.84676 0.00589219
1.84694 0.00578299
1.84738 0.00569118
1.84766 0.00559422
1.84762 0.00549362
1.84777 0.00539855
1.84806 0.00531239
1.84804 0.00522159
1.84798 0.00513421
1.84805 0.00504986
1.84828 0.00497296
1.84875 0.00491589
1.84914 0.00485458
1.84872 0.00479804
1.84764 0.0048472
1.84715 0.00479933
1.84737 0.00473329
1.84799 0.00470588
1.84849 0.00466525
1.84867 0.0046026
1.8486 0.00453878
1.84859 0.00447621
1.84882 0.00442143
1.84923 0.00438178
1.84968 0.00434664
1.84995 0.00429836
1.85005 0.00424418
1.85 0.00419044
1.84979 0.00414336
1.84974 0.00409212
1.84996 0.00404807
1.85008 0.00400069
1.84964 0.00397776
1.84918 0.00395676
1.84909 0.00391166
1.84919 0.00386782
1.84926 0.00382434
1.84934 0.00378184
1.84951 0.00374341
1.84973 0.00370882
1.84988 0.00367133
1.84981 0.00363229
1.84962 0.00359875
1.84959 0.0035608
1.84964 0.00352401
1.84963 0.00348753
1.84965 0.00345182
1.84981 0.0034207
1.85 0.00339152
1.80266 0
1.81148 0.00882668
1.81414 0.00574713
1.80783 0.00750906
1.80822 0.00583004
1.81148 0.00576958
1.81179 0.00488613
1.81256 0.00429976
1.8133 0.00386421
1.81446 0.00364634
1.81606 0.00366314
1.81669 0.0034026
1.81845 0.00359231
1.82208 0.00492607
1.8253 0.00560354
1.82585 0.00527056
1.82685 0.00504911
1.8286 0.00507451
1.82968 0.00491978
1.83176 0.00511004
1.83257 0.00492692
1.83375 0.00484296
1.8356 0.00498444
1.83689 0.00494526
1.83678 0.00474464
1.83751 0.00461619
1.83792 0.00446107
1.83799 0.0042993
1.83783 0.00415142
1.83675 0.00415408
1.83608 0.00407237
1.83462 0.00420448
1.83434 0.0040852
1.83467 0.00397723
1.8346 0.00386263
1.83461 0.00375381
1.83434 0.00366078
1.83528 0.00368675
1.83577 0.00362368
1.83605 0.00354272
1.83602 0.00345532
1.83554 0.00340684
1.83579 0.00333634
1.83585 0.00326019
1.8353 0.00323482
1.83435 0.00330285
1.8336 0.00331611
1.83294 0.003313
1.83228 0.0033125
1.83144 0.00335243
1.83006 0.0035623
1.82911 0.00361904
1.82792 0.00374501
1.82677 0.00385074
1.8257 0.00392924
1.82446 0.00405298
1.82312 0.00420085
1.82209 0.00425353
1.82115 0.00428631
1.82005 0.00435533
1.81875 0.00447614
1.81779 0.004506
1.81693 0.00451651
1.81606 0.00452944
1.81538 0.00451069
1.81482 0.00447692
1.81412 0.00446556
1.81346 0.00444795
1.81325 0.00438826
1.81323 0.00432517
1.8128 0.00428481
1.81215 0.00427492
1.81201 0.00421818
1.81201 0.0041608
1.81165 0.00412069
1.81112 0.00409982
1.8111 0.0040463
1.81115 0.00399438
1.81125 0.0039449
1.81132 0.00389595
1.81144 0.0038493
1.81188 0.00382783
1.812 0.00378305
1.8119 0.00373887
1.81191 0.00369463
1.81237 0.00367943
1.81275 0.00365767
1.81213 0.00366892
1.81167 0.00365711
1.81165 0.00361632
1.81136 0.00358785
1.81071 0.00360657
1.8104 0.00358104
1.81012 0.003554
1.80984 0.0035274
1.80949 0.00350781
1.80892 0.00351813
1.80856 0.0035013
1.80838 0.0034701
1.8082 0.00344019
