1.20002 0
1.20008 5.7005e-05
1.20017 9.79372e-05
1.2003 0.000146054
1.20047 0.000201693
1.20067 0.000265044
1.20093 0.000336452
1.20122 0.000416532
1.20157 0.000506299
1.20198 0.000607199
1.20244 0.000721202
1.20298 0.00085094
1.2036 0.000999878
1.20432 0.00117261
1.20516 0.00137532
1.20614 0.00161642
1.20729 0.00190716
1.20867 0.00226217
1.21031 0.00269836
1.21228 0.00322721
1.21455 0.00382305
1.2169 0.0043356
1.21869 0.00451212
1.2201 0.0045454
1.22219 0.00483328
1.22455 0.00521012
1.22742 0.00577602
1.23071 0.00646325
1.23361 0.00687776
1.23608 0.00709088
1.23819 0.00717422
1.2404 0.00729014
1.24326 0.00762138
1.24624 0.00797411
1.24896 0.00820643
1.2517 0.00843294
1.25456 0.00868533
1.25736 0.00890678
1.26008 0.00908939
1.26271 0.00924279
1.26529 0.00937715
1.26785 0.00950158
1.27045 0.00963609
1.27307 0.00977115
1.27553 0.0098644
1.27777 0.00990294
1.27979 0.00989796
1.2815 0.00983924
1.28337 0.00981667
1.2855 0.00985082
1.28724 0.00981213
1.28911 0.00980182
1.29103 0.00980433
1.29223 0.00969515
1.29338 0.00958697
1.2951 0.00956993
1.29693 0.009577
1.29871 0.00957764
1.30046 0.00957506
1.30218 0.00957021
1.30382 0.00955441
1.30516 0.00949337
1.3062 0.00939944
1.30735 0.00932188
1.30851 0.00925031
1.30965 0.00918113
1.31077 0.0091117
1.31185 0.00904191
1.31292 0.00897364
1.31393 0.00890135
1.31489 0.00882786
1.31585 0.00875681
1.31681 0.00868935
1.31774 0.00862179
1.31846 0.0085367
1.31884 0.00843184
1.31937 0.00833861
1.32027 0.00827998
1.32119 0.00822691
1.32188 0.00815203
1.3224 0.00806802
1.32294 0.0079868
1.32353 0.00791265
1.32418 0.00784428
1.32484 0.00778008
1.32552 0.00771878
1.32619 0.0076591
1.32685 0.00760023
1.32748 0.00754078
1.32805 0.00747818
1.32854 0.00741188
1.32901 0.00734543
1.32945 0.00727941
1.32985 0.00721295
1.33028 0.00714955
1.33076 0.0070906
1.33123 0.00703277
1.33166 0.00697405
1.33202 0.00691259
1.33234 0.0068507
1.20111 0
1.20305 0.00193851
1.20588 0.00304542
1.20766 0.00279177
1.20819 0.00222601
1.2089 0.00195233
1.21096 0.00263833
1.21383 0.00367
1.21588 0.00382893
1.2165 0.00348123
1.21671 0.00315557
1.2171 0.00290782
1.21689 0.00268293
1.21634 0.00254435
1.21619 0.00237354
1.21609 0.00222258
1.21618 0.00208989
1.21673 0.00204627
1.21764 0.00213738
1.2183 0.00213316
1.2183 0.00202904
1.2178 0.00199762
1.21759 0.00191999
1.21783 0.00185352
1.21823 0.0018215
1.21858 0.00178591
1.21881 0.00173371
1.21913 0.00169992
1.21968 0.00173048
1.21995 0.00169398
1.2196 0.00167671
1.21927 0.00165597
1.21952 0.00162424
1.21932 0.00158871
1.21954 0.00155808
1.22032 0.0017047
1.221 0.00179109
1.22137 0.0017822
1.22169 0.00176651
1.22223 0.00180443
1.2228 0.00184784
1.22306 0.00182293
1.223 0.00178111
1.22301 0.00174016
1.22336 0.00173663
1.22385 0.00176908
1.22425 0.00177593
1.22459 0.00177095
1.22499 0.00178018
1.22548 0.00181283
1.22594 0.00183653
1.22627 0.00182949
1.22654 0.00181483
1.22673 0.00179123
1.22692 0.00176829
1.22726 0.00177106
1.22774 0.00180492
1.22816 0.00182217
1.22837 0.0018026
1.22837 0.00177231
1.22844 0.00174432
1.2287 0.00173545
1.22898 0.00173185
1.22917 0.00171473
1.22921 0.00168848
1.22914 0.00166418
1.22906 0.00164074
1.22903 0.00161683
1.22902 0.00159323
1.22904 0.00157035
1.22906 0.00154832
1.22913 0.00152812
1.22927 0.00151372
1.22948 0.00150791
1.22961 0.00149328
1.22938 0.00149142
1.2292 0.00148283
1.22913 0.00146571
1.22892 0.00146133
1.22895 0.0014433
1.22921 0.00144861
1.22949 0.00145792
1.22964 0.00144757
1.22978 0.00143713
1.22997 0.00143324
1.23018 0.00143203
1.23042 0.00143601
1.23072 0.0014493
1.23105 0.0014708
1.23129 0.00147458
1.23114 0.00146625
1.23103 0.0014539
1.23121 0.00144887
1.2314 0.00144616
1.23152 0.00143598
1.23163 0.00142493
1.23176 0.00141579
1.2319 0.00140821
1.23203 0.00140071
1.23213 0.00139031
1.19355 0
1.18583 0.0077239
1.17777 0.00921301
1.17207 0.00865491
1.16899 0.00737595
1.16738 0.00623535
1.16601 0.00544521
1.16474 0.00488166
1.16425 0.00433348
1.16372 0.00391189
1.16259 0.00371472
1.16051 0.00397871
1.15766 0.0046398
1.15614 0.00455694
1.15609 0.00424256
1.15639 0.00397987
1.15608 0.00375104
1.15423 0.00398969
1.15191 0.004432
1.15064 0.0043928
1.15033 0.00418946
1.15018 0.00399725
1.14988 0.00383149
1.14965 0.00367543
1.14965 0.00352535
1.14982 0.00339102
1.14969 0.00326531
1.14985 0.00315045
1.15056 0.00312195
1.15142 0.00313617
1.15214 0.00311705
1.15267 0.00306371
1.15306 0.00299485
1.15365 0.00296609
1.15447 0.00299301
1.15496 0.00295008
1.15555 0.00292935
1.15602 0.00288914
1.15627 0.00282578
1.15668 0.00278357
1.15735 0.00279769
1.15815 0.00284572
1.15895 0.00289154
1.15973 0.00292922
1.16038 0.00293587
1.16092 0.00292169
1.16151 0.00291936
1.16222 0.00294464
1.16295 0.002976
1.16348 0.00296277
1.16369 0.002912
1.16403 0.00287516
1.16462 0.00288287
1.16517 0.00288079
1.16578 0.00289248
1.16655 0.00294338
1.16736 0.00300394
1.16816 0.00305702
1.16893 0.00310129
1.16964 0.00313225
1.17026 0.00314175
1.17083 0.00314248
1.17141 0.00314613
1.17201 0.00315457
1.17272 0.00318663
1.17336 0.00320232
1.17366 0.00316763
1.17366 0.0031207
1.17373 0.00307604
1.17404 0.00304789
1.17457 0.00305116
1.17513 0.00305992
1.1756 0.00305379
1.17587 0.00302436
1.17583 0.00298399
1.17569 0.00294795
1.1757 0.00290942
1.17582 0.00287444
1.17601 0.00284422
1.17626 0.00281976
1.17655 0.00279906
1.17686 0.00278288
1.17723 0.00277363
1.17759 0.00276334
1.17777 0.00273668
1.17776 0.00270467
1.178 0.00268418
1.17863 0.00272687
1.17934 0.0027872
1.17987 0.00280568
1.1802 0.0027953
1.18073 0.00281452
1.18146 0.00287739
1.1822 0.00294213
1.18297 0.0030095
1.18373 0.00307352
1.18438 0.00311211
1.18488 0.00312005
1.18551 0.0031523
1.18632 0.00322306
1.19971 0
1.19903 0.000671982
1.19872 0.000501562
1.19735 0.00141127
1.19455 0.00300667
1.1934 0.0027088
1.19382 0.00232605
1.19396 0.00201958
1.19328 0.00190521
1.19207 0.00209401
1.19192 0.00190001
1.19225 0.00176615
1.19213 0.00162924
1.19129 0.00172602
1.19046 0.00180755
1.19012 0.00172521
1.18983 0.00164519
1.18929 0.00164445
1.18853 0.00173084
1.18765 0.00186229
1.18666 0.00202807
1.1856 0.00220382
1.1846 0.00233496
1.1837 0.00240691
1.18289 0.00244824
1.18206 0.00249304
1.18109 0.00259016
1.17978 0.00281899
1.17817 0.00315668
1.17666 0.00340316
1.17581 0.00340075
1.17558 0.00330081
1.17559 0.00319926
1.17558 0.00310376
1.17513 0.00304797
1.17396 0.00318418
1.17311 0.00321064
1.17271 0.00315063
1.17251 0.00307521
1.17233 0.003003
1.17198 0.00294928
1.17135 0.00294723
1.17059 0.00297563
1.16988 0.00299169
1.16931 0.00297941
1.1691 0.00292182
1.16906 0.00285926
1.16904 0.00279911
1.16897 0.0027424
1.1687 0.00270006
1.16815 0.00270449
1.16752 0.00272384
1.16718 0.00269442
1.16715 0.00264415
1.16729 0.00259927
1.16747 0.0025589
1.16766 0.00252014
1.16779 0.00247982
1.16781 0.00243755
1.16772 0.00239848
1.16751 0.00236782
1.16719 0.0023518
1.16696 0.00232494
1.16693 0.00228858
1.16695 0.00225317
1.16689 0.00221951
1.1668 0.00218807
1.16661 0.00216367
1.16628 0.00215711
1.16595 0.00215185
1.16569 0.00213698
1.16553 0.00211314
1.1654 0.00208802
1.16526 0.00206494
1.16505 0.00204735
1.16472 0.00204704
1.16435 0.00205513
1.16407 0.00204728
1.16384 0.00203424
1.16359 0.00202365
1.16331 0.00201882
1.16297 0.0020219
1.16261 0.00203001
1.16222 0.00204371
1.16175 0.00207269
1.16122 0.00211552
1.16077 0.00213872
1.16049 0.00213331
1.16025 0.00212263
1.15993 0.00212309
1.15969 0.00211306
1.15939 0.00211205
1.15895 0.00213472
1.15871 0.00212614
1.15859 0.00210696
1.15849 0.00208704
1.15842 0.00206674
1.15837 0.00204626
1.1583 0.00202661
1.15819 0.00200917
1.20217 0
1.20113 0.00103593
1.19825 0.0029418
1.19838 0.0020839
1.20154 0.00355119
1.20418 0.00392078
1.20609 0.00382664
1.20777 0.00371392
1.20836 0.0033278
1.20828 0.00297737
1.2087 0.00272509
1.20892 0.00249767
1.20886 0.00229839
1.20884 0.00212803
1.2083 0.00205139
1.20663 0.0025477
1.2056 0.00260623
1.20596 0.00248406
1.20663 0.00244284
1.20689 0.002332
1.20624 0.00231218
1.20556 0.00230718
1.20508 0.00225451
1.20497 0.00216167
1.20526 0.00209337
1.20538 0.00201513
1.20557 0.0019482
1.20604 0.00193477
1.20596 0.0018687
1.20587 0.00180747
1.20669 0.00193038
1.20724 0.00195083
1.20744 0.00190083
1.20764 0.00185444
1.20779 0.00180726
1.20814 0.00179012
1.20848 0.0017741
1.20884 0.00176534
1.20934 0.00178864
1.20992 0.00183696
1.21045 0.00186953
1.21085 0.00186724
1.21104 0.00183335
1.21096 0.00179284
1.21066 0.00177758
1.21053 0.00174351
1.21081 0.0017283
1.21124 0.0017454
1.21153 0.001734
1.21143 0.00170187
1.21116 0.00168983
1.21093 0.00167304
1.21084 0.00164344
1.21096 0.00161699
1.21105 0.00159004
1.21087 0.00157188
1.21001 0.00176883
1.20909 0.00196528
1.20889 0.00194242
1.20892 0.00191007
1.20889 0.00187881
1.20874 0.00185383
1.20879 0.00182491
1.20896 0.00180368
1.20904 0.00177746
1.20897 0.00175171
1.20886 0.00172882
1.20882 0.00170363
1.2089 0.0016807
1.20905 0.00166298
1.20911 0.00164044
1.20909 0.00161758
1.2091 0.00159529
1.20918 0.00157587
1.20935 0.0015639
1.20951 0.00155123
1.20956 0.00153187
1.20942 0.00151913
1.20905 0.00154384
1.20875 0.00155421
1.20858 0.00154387
1.20843 0.00153268
1.20818 0.0015342
1.20783 0.00155502
1.20751 0.00157058
1.20726 0.00157272
1.20699 0.00157746
1.20662 0.00160281
1.20622 0.00163268
1.20583 0.00166074
1.20532 0.00172014
1.20465 0.00183026
1.20405 0.00190543
1.20364 0.00193045
1.20328 0.00194337
1.20289 0.00196296
1.20234 0.0020183
1.20159 0.00213218
1.20103 0.00218478
1.20051 0.00222407
1.19185 0
1.19521 0.00335789
1.20306 0.0080882
1.20905 0.00827728
1.21341 0.00775572
1.21626 0.00694511
1.21711 0.0059314
1.21654 0.00516873
1.21668 0.00456052
1.21816 0.00433929
1.21965 0.00419764
1.22011 0.00385938
1.21823 0.0040167
1.21728 0.00383758
1.21849 0.00377277
1.21996 0.00382242
1.22136 0.00385372
1.22258 0.0038322
1.22347 0.00373258
1.22391 0.00356778
1.22393 0.00339371
1.22387 0.00323624
1.2242 0.00310964
1.22488 0.00305285
1.22492 0.00292849
1.22459 0.00283267
1.22489 0.00274159
1.22509 0.00264982
1.22503 0.00255749
1.22477 0.00248491
1.22475 0.00240346
1.22506 0.00234779
1.22565 0.00234951
1.22636 0.00238897
1.22709 0.00243165
1.22778 0.00245996
1.22831 0.00245206
1.22848 0.00239262
1.22784 0.00241615
1.22793 0.0023565
1.22815 0.0023089
1.22802 0.00225686
1.22759 0.00224613
1.22755 0.00219477
1.22767 0.00214842
1.22773 0.00210211
1.22772 0.00205692
1.2275 0.00202603
1.22735 0.00198961
1.22748 0.00195359
1.22764 0.00192145
1.22753 0.00188699
1.227 0.00192526
1.22657 0.00193812
1.22643 0.00190794
1.22641 0.00187361
1.22644 0.0018406
1.22641 0.00180877
1.22635 0.0017789
1.22628 0.00175034
1.22607 0.00173398
1.22569 0.00174727
1.2254 0.00174433
1.2252 0.00172845
1.22495 0.00171926
1.22464 0.0017212
1.22428 0.0017335
1.22386 0.00175931
1.22345 0.0017819
1.22313 0.00178456
1.22286 0.00177938
1.22256 0.00177998
1.2222 0.00179378
1.22179 0.00181494
1.22137 0.0018388
1.22093 0.00186704
1.22055 0.00188226
1.22026 0.00187983
1.22003 0.00187082
1.21977 0.00186443
1.21948 0.00186514
1.21923 0.00185889
1.21914 0.00183848
1.21916 0.00181653
1.21921 0.00179587
1.21928 0.00177601
1.21932 0.00175617
1.21932 0.00173611
1.21924 0.00171844
1.21917 0.00170046
1.21924 0.00168299
1.21947 0.00168011
1.21976 0.00168712
1.22003 0.00169124
1.22028 0.00169227
1.22048 0.00168609
1.22064 0.00167655
1.22086 0.00167423
1.22114 0.00168084
1.22137 0.00167877
1.18662 0
1.17939 0.00722971
1.18084 0.0044184
1.18538 0.00551122
1.18945 0.00589758
1.19227 0.00558037
1.19371 0.00493052
1.19372 0.00426996
1.19239 0.00399174
1.19115 0.00377865
1.19112 0.00341812
1.19163 0.00316131
1.1921 0.00294671
1.19271 0.0027945
1.19365 0.00276757
1.19449 0.00272004
1.19492 0.00259158
1.19606 0.00269452
1.19778 0.00307788
1.19924 0.00326317
1.20075 0.00345085
1.20238 0.00367423
1.20392 0.00383198
1.20581 0.00412658
1.20777 0.00441872
1.20926 0.00449787
1.21035 0.00446506
1.21176 0.00452698
1.21345 0.00468467
1.21491 0.00475526
1.2159 0.00470469
1.21697 0.00467957
1.2184 0.00475563
1.2195 0.00474171
1.21994 0.00462545
1.22077 0.00457148
1.2221 0.00463864
1.22344 0.00471229
1.22427 0.00466344
1.22475 0.00457097
1.22545 0.00451172
1.22627 0.0044793
1.22717 0.0044659
1.22797 0.0044359
1.22859 0.00438021
1.22915 0.00432083
1.22963 0.0042549
1.22998 0.0041794
1.23037 0.00411232
1.23092 0.00406585
1.2313 0.00400378
1.23117 0.00392813
1.2313 0.00385533
1.23158 0.00379412
1.23178 0.00372948
1.23174 0.00366242
1.23185 0.00359903
1.23204 0.00354159
1.23203 0.00348106
1.23199 0.00342281
1.23203 0.00336657
1.23219 0.0033153
1.2325 0.00327726
1.23276 0.00323638
1.23248 0.00319869
1.23176 0.00323147
1.23143 0.00319955
1.23158 0.00315553
1.23199 0.00313725
1.23233 0.00311016
1.23245 0.0030684
1.2324 0.00302586
1.23239 0.00298414
1.23255 0.00294762
1.23282 0.00292119
1.23312 0.00289776
1.2333 0.00286557
1.23337 0.00282945
1.23333 0.00279363
1.23319 0.00276224
1.23316 0.00272808
1.23331 0.00269871
1.23339 0.00266712
1.23309 0.00265184
1.23279 0.00263784
1.23272 0.00260778
1.23279 0.00257854
1.23284 0.00254956
1.23289 0.00252123
1.233 0.00249561
1.23315 0.00247255
1.23325 0.00244756
1.23321 0.00242153
1.23308 0.00239917
1.23306 0.00237387
1.2331 0.00234934
1.23308 0.00232502
1.2331 0.00230122
1.23321 0.00228047
1.23333 0.00226101
1.20177 0
1.20766 0.00588446
1.20943 0.00383142
1.20522 0.00500604
1.20548 0.00388669
1.20766 0.00384639
1.20786 0.00325742
1.20837 0.00286651
1.20887 0.00257614
1.20964 0.00243089
1.2107 0.00244209
1.21112 0.0022684
1.2123 0.00239487
1.21472 0.00328404
1.21687 0.00373569
1.21724 0.0035137
1.2179 0.00336607
1.21907 0.00338301
1.21979 0.00327985
1.22117 0.00340669
1.22171 0.00328461
1.2225 0.00322864
1.22373 0.00332296
1.2246 0.00329684
1.22452 0.0031631
1.22501 0.00307746
1.22528 0.00297404
1.22533 0.0028662
1.22522 0.00276761
1.2245 0.00276939
1.22406 0.00271491
1.22308 0.00280298
1.22289 0.00272347
1.22311 0.00265148
1.22306 0.00257509
1.22307 0.00250254
1.22289 0.00244052
1.22352 0.00245783
1.22385 0.00241579
1.22403 0.00236181
1.22401 0.00230354
1.22369 0.00227123
1.22386 0.00222422
1.2239 0.00217346
1.22353 0.00215655
1.2229 0.0022019
1.2224 0.00221074
1.22196 0.00220867
1.22152 0.00220834
1.22096 0.00223496
1.22004 0.00237486
1.21941 0.00241269
1.21861 0.00249668
1.21785 0.00256716
1.21713 0.00261949
1.21631 0.00270199
1.21541 0.00280057
1.21473 0.00283569
1.2141 0.00285754
1.21337 0.00290355
1.2125 0.0029841
1.21186 0.003004
1.21129 0.003011
1.21071 0.00301962
1.21026 0.00300713
1.20988 0.00298461
1.20941 0.00297704
1.20898 0.0029653
1.20883 0.0029255
1.20882 0.00288345
1.20854 0.00285654
1.2081 0.00284995
1.20801 0.00281212
1.20801 0.00277386
1.20777 0.00274713
1.20742 0.00273322
1.2074 0.00269753
1.20743 0.00266292
1.2075 0.00262993
1.20755 0.0025973
1.20763 0.0025662
1.20792 0.00255189
1.208 0.00252203
1.20794 0.00249258
1.20794 0.00246309
1.20824 0.00245295
1.2085 0.00243845
1.20809 0.00244594
1.20778 0.00243807
1.20776 0.00241088
1.20757 0.0023919
1.20714 0.00240438
1.20694 0.00238736
1.20675 0.00236934
1.20656 0.0023516
1.20633 0.00233854
1.20595 0.00234542
1.2057 0.0023342
1.20559 0.0023134
1.20547 0.00229346
