1.76816 0
1.76816 1.57812e-06
1.76816 3.60774e-06
1.76814 1.67815e-05
1.76811 3.41265e-05
1.76806 5.22056e-05
1.76802 6.52572e-05
1.76797 7.38805e-05
1.76793 7.78734e-05
1.76789 7.98539e-05
1.76785 8.02483e-05
1.76782 8.07375e-05
1.76778 8.11541e-05
1.76775 8.13167e-05
1.76772 8.12603e-05
1.76769 8.13901e-05
1.76767 8.15016e-05
1.76764 8.19273e-05
1.76761 8.27548e-05
1.76758 8.37144e-05
1.76755 8.37395e-05
1.76754 8.05768e-05
1.76755 7.74359e-05
1.76753 7.76227e-05
1.7675 8.13794e-05
1.76748 8.00264e-05
1.76744 8.48793e-05
1.76743 8.22428e-05
1.76744 7.94892e-05
1.76744 7.68072e-05
1.76744 7.42908e-05
1.76741 7.61579e-05
1.76739 7.74211e-05
1.76739 7.51387e-05
1.76739 7.30129e-05
1.76737 7.20723e-05
1.76737 7.0599e-05
1.76736 6.89012e-05
1.76736 6.72529e-05
1.76735 6.57256e-05
1.76735 6.4258e-05
1.76734 6.30166e-05
1.76733 6.19904e-05
1.76733 6.06793e-05
1.76733 5.93493e-05
1.76733 5.80528e-05
1.76734 5.69514e-05
1.76734 5.57666e-05
1.76732 5.7179e-05
1.76732 5.60285e-05
1.76733 5.52594e-05
1.76731 5.63567e-05
1.76732 5.61029e-05
1.76734 5.75026e-05
1.76732 6.00272e-05
1.7673 6.05711e-05
1.7673 5.95577e-05
1.7673 5.85739e-05
1.76729 5.7632e-05
1.76729 5.67018e-05
1.76729 5.57937e-05
1.7673 5.57839e-05
1.7673 5.49376e-05
1.7673 5.43705e-05
1.76729 5.35663e-05
1.76729 5.27994e-05
1.76729 5.20143e-05
1.76729 5.12966e-05
1.76729 5.05568e-05
1.76729 4.983e-05
1.76729 4.91467e-05
1.76728 4.85006e-05
1.76728 4.78739e-05
1.76728 4.72307e-05
1.76729 4.74033e-05
1.7673 4.69428e-05
1.76728 4.85653e-05
1.76727 4.8672e-05
1.76728 4.81188e-05
1.76728 4.78883e-05
1.76728 4.72937e-05
1.76728 4.68261e-05
1.76727 4.63984e-05
1.76727 4.5916e-05
1.76727 4.54253e-05
1.76727 4.49319e-05
1.76727 4.44309e-05
1.76727 4.39336e-05
1.76727 4.34375e-05
1.76727 4.29629e-05
1.76727 4.24895e-05
1.76727 4.20423e-05
1.76726 4.15896e-05
1.76726 4.11638e-05
1.76726 4.08625e-05
1.76726 4.04978e-05
1.76726 4.00894e-05
1.76726 3.96782e-05
1.76726 3.92801e-05
1.76726 3.891e-05
1.51988 0
1.51982 6.12529e-05
1.51982 3.57983e-05
1.51987 5.51031e-05
1.5199 5.22929e-05
1.51988 4.69003e-05
1.51983 5.8908e-05
1.51983 5.10378e-05
1.51988 6.34972e-05
1.51992 6.86057e-05
1.51992 6.20674e-05
1.51992 5.72233e-05
1.51995 6.01502e-05
1.51995 5.5843e-05
1.51994 5.2174e-05
1.51995 4.8815e-05
1.51994 4.66815e-05
1.51992 4.6377e-05
1.51992 4.38766e-05
1.51994 4.49063e-05
1.51996 4.91564e-05
1.51997 4.72272e-05
1.51996 4.70019e-05
1.51995 4.5568e-05
1.51995 4.37077e-05
1.51995 4.21898e-05
1.51996 4.07659e-05
1.51995 3.97629e-05
1.51995 3.84107e-05
1.51997 4.21126e-05
1.51998 4.29459e-05
1.51997 4.45526e-05
1.51996 4.32335e-05
1.51998 4.40222e-05
1.51995 5.05774e-05
1.51995 4.93698e-05
1.51995 4.87648e-05
1.51996 4.80633e-05
1.51996 4.70132e-05
1.51995 4.60712e-05
1.51996 4.51606e-05
1.51997 4.5722e-05
1.51997 4.49992e-05
1.51997 4.48238e-05
1.51996 4.46106e-05
1.51996 4.363e-05
1.51996 4.29321e-05
1.51996 4.20293e-05
1.51996 4.12001e-05
1.51996 4.03929e-05
1.51996 3.99056e-05
1.51997 3.93062e-05
1.51997 3.86302e-05
1.51997 3.80079e-05
1.51997 3.73865e-05
1.51996 3.71566e-05
1.51996 3.65135e-05
1.51997 3.62128e-05
1.51998 3.65075e-05
1.51998 3.60961e-05
1.51998 3.58886e-05
1.51997 3.54525e-05
1.51997 3.49469e-05
1.51998 3.47061e-05
1.51998 3.44976e-05
1.51999 3.40327e-05
1.51998 3.35251e-05
1.51998 3.30456e-05
1.51998 3.25719e-05
1.51998 3.21038e-05
1.51998 3.16552e-05
1.51998 3.12599e-05
1.51998 3.09467e-05
1.51998 3.05464e-05
1.51998 3.09293e-05
1.51999 3.17891e-05
1.51998 3.26733e-05
1.51999 3.24581e-05
1.51998 3.21165e-05
1.51998 3.31937e-05
1.51997 3.31756e-05
1.51997 3.28239e-05
1.51997 3.24867e-05
1.51997 3.22628e-05
1.51997 3.19407e-05
1.51997 3.16093e-05
1.51996 3.13259e-05
1.51996 3.10747e-05
1.51996 3.07499e-05
1.51997 3.10752e-05
1.51998 3.22778e-05
1.51997 3.41515e-05
1.51996 3.41493e-05
1.51996 3.37873e-05
1.51996 3.343e-05
1.51996 3.31251e-05
1.51996 3.28292e-05
1.51996 3.25232e-05
1.51996 3.2198e-05
1.51996 3.18891e-05
1.46134 0
1.46141 7.75678e-05
1.46139 4.86312e-05
1.4613 0.000102866
1.46122 0.000111893
1.46117 0.000102274
1.46117 8.66783e-05
1.46113 8.18537e-05
1.46111 7.73231e-05
1.46111 6.92184e-05
1.46112 6.42947e-05
1.46115 6.57914e-05
1.46115 6.0821e-05
1.46109 8.40821e-05
1.46105 8.45478e-05
1.46105 7.91867e-05
1.46108 8.03982e-05
1.46112 8.6031e-05
1.4611 8.38366e-05
1.46106 8.91832e-05
1.46104 8.78836e-05
1.46104 8.38104e-05
1.46103 8.02442e-05
1.46103 7.71657e-05
1.46101 7.55309e-05
1.46101 7.25718e-05
1.46101 6.98355e-05
1.46099 7.08498e-05
1.46098 6.99972e-05
1.46097 6.76652e-05
1.46098 6.55192e-05
1.46098 6.34901e-05
1.46098 6.15394e-05
1.46096 6.18461e-05
1.46097 6.02424e-05
1.46097 5.85451e-05
1.46096 5.70011e-05
1.46097 5.57439e-05
1.46097 5.42958e-05
1.46096 5.40097e-05
1.46095 5.34892e-05
1.46095 5.227e-05
1.46095 5.1077e-05
1.46095 4.99061e-05
1.46095 4.88858e-05
1.46095 4.78119e-05
1.46094 4.70225e-05
1.46094 4.62084e-05
1.46094 4.52685e-05
1.46095 4.52542e-05
1.46095 4.44958e-05
1.46094 4.50825e-05
1.46094 4.43826e-05
1.46094 4.35582e-05
1.46093 4.33517e-05
1.46093 4.28431e-05
1.46093 4.21275e-05
1.46092 4.14126e-05
1.46092 4.07203e-05
1.46092 4.00363e-05
1.46092 3.93872e-05
1.46092 3.88019e-05
1.46092 3.8222e-05
1.46092 3.78472e-05
1.46091 3.74026e-05
1.46092 3.73785e-05
1.46093 3.87031e-05
1.46093 3.81845e-05
1.46093 3.80365e-05
1.46092 3.85873e-05
1.46091 3.82496e-05
1.46092 3.77216e-05
1.46092 3.73708e-05
1.46093 3.76619e-05
1.46093 3.80131e-05
1.46093 3.75931e-05
1.46093 3.73868e-05
1.46093 3.69564e-05
1.46092 3.6523e-05
1.46092 3.60772e-05
1.46092 3.56329e-05
1.46092 3.52205e-05
1.46092 3.48093e-05
1.46092 3.44985e-05
1.46093 3.4862e-05
1.46093 3.44661e-05
1.46092 3.64619e-05
1.46091 3.67728e-05
1.46091 3.64315e-05
1.46092 3.68242e-05
1.46092 3.64252e-05
1.46091 3.71596e-05
1.46091 3.6816e-05
1.46091 3.64232e-05
1.46091 3.60429e-05
1.46091 3.56912e-05
1.46092 3.57716e-05
1.46092 3.54513e-05
1.46091 3.57326e-05
1.46091 3.54204e-05
1.35735 0
1.35734 1.63789e-05
1.35734 9.47749e-06
1.3574 6.33646e-05
1.35741 5.0468e-05
1.35734 8.34427e-05
1.35732 7.29769e-05
1.35734 6.54457e-05
1.35737 6.59185e-05
1.35736 5.95233e-05
1.35733 6.35925e-05
1.35733 5.80595e-05
1.35735 5.75307e-05
1.35737 5.5499e-05
1.35735 5.29028e-05
1.35735 5.011e-05
1.35735 4.75552e-05
1.35736 4.60118e-05
1.35737 4.39239e-05
1.35737 4.1957e-05
1.35738 4.021e-05
1.35738 3.83846e-05
1.35738 3.67241e-05
1.35738 3.52279e-05
1.35738 3.37896e-05
1.35738 3.26007e-05
1.35739 3.26813e-05
1.3574 3.43072e-05
1.35741 3.38114e-05
1.3574 3.39316e-05
1.35738 3.92798e-05
1.35737 3.98873e-05
1.35736 3.87359e-05
1.35737 3.81032e-05
1.3574 4.44833e-05
1.35741 4.43081e-05
1.35739 4.5974e-05
1.35738 4.54561e-05
1.35738 4.43366e-05
1.35738 4.33459e-05
1.35739 4.31917e-05
1.3574 4.31225e-05
1.3574 4.21084e-05
1.3574 4.11427e-05
1.35739 4.11136e-05
1.35738 4.12048e-05
1.35738 4.03775e-05
1.35738 3.95274e-05
1.35738 3.88461e-05
1.35739 3.88382e-05
1.3574 3.88037e-05
1.35739 3.83157e-05
1.35738 3.9069e-05
1.35738 3.91711e-05
1.35737 3.85542e-05
1.35737 3.78704e-05
1.35737 3.72002e-05
1.35737 3.65858e-05
1.35738 3.60883e-05
1.35738 3.55665e-05
1.35738 3.50905e-05
1.35738 3.45213e-05
1.35737 3.47629e-05
1.35737 3.45691e-05
1.35737 3.40343e-05
1.35737 3.35446e-05
1.35737 3.30433e-05
1.35737 3.28416e-05
1.35738 3.23796e-05
1.35737 3.1973e-05
1.35737 3.17868e-05
1.35737 3.14825e-05
1.35737 3.10533e-05
1.35737 3.0631e-05
1.35737 3.02708e-05
1.35737 2.99941e-05
1.35737 2.97769e-05
1.35736 2.96858e-05
1.35736 2.93345e-05
1.35736 2.89693e-05
1.35736 2.86109e-05
1.35736 2.82612e-05
1.35736 2.79233e-05
1.35736 2.75935e-05
1.35736 2.73227e-05
1.35736 2.70193e-05
1.35736 2.72973e-05
1.35735 2.7509e-05
1.35735 2.72026e-05
1.35735 2.69117e-05
1.35735 2.69222e-05
1.35735 2.71061e-05
1.35735 2.70153e-05
1.35734 2.78041e-05
1.35734 2.76691e-05
1.35734 2.74441e-05
1.35733 2.72486e-05
1.35733 2.70218e-05
1.35733 2.67495e-05
1.35733 2.65064e-05
1.43632 0
1.43646 0.000139686
1.43649 8.56034e-05
1.43634 0.000158678
1.4363 0.000131514
1.43632 0.000109578
1.43632 9.26133e-05
1.43633 8.15836e-05
1.43637 8.28754e-05
1.43637 7.41819e-05
1.43636 6.74229e-05
1.43638 6.35571e-05
1.43638 5.85249e-05
1.43639 5.43776e-05
1.43642 6.07468e-05
1.43644 6.13125e-05
1.4364 7.32978e-05
1.43637 7.3295e-05
1.43638 6.95039e-05
1.4364 6.96959e-05
1.43643 7.23723e-05
1.43642 7.02729e-05
1.43642 6.72226e-05
1.4364 6.64929e-05
1.4364 6.37828e-05
1.43641 6.17785e-05
1.4364 6.02198e-05
1.4364 5.80884e-05
1.43643 6.05111e-05
1.4364 6.44721e-05
1.43639 6.39406e-05
1.43641 6.49481e-05
1.4364 6.3041e-05
1.43641 6.13676e-05
1.4364 6.00495e-05
1.4364 5.84726e-05
1.4364 5.68754e-05
1.43639 5.5497e-05
1.43639 5.42841e-05
1.43639 5.29292e-05
1.43639 5.16879e-05
1.43639 5.06453e-05
1.4364 5.00215e-05
1.43641 4.95229e-05
1.43641 4.85002e-05
1.4364 4.89359e-05
1.43639 4.88085e-05
1.43639 4.77849e-05
1.4364 4.75339e-05
1.43641 4.77749e-05
1.43641 4.68431e-05
1.4364 4.59904e-05
1.4364 4.57412e-05
1.43639 4.50723e-05
1.4364 4.44295e-05
1.43641 4.53721e-05
1.43643 5.01599e-05
1.43641 5.41565e-05
1.4364 5.50225e-05
1.43639 5.41383e-05
1.4364 5.34763e-05
1.4364 5.26445e-05
1.43639 5.22823e-05
1.43639 5.14596e-05
1.43639 5.08219e-05
1.4364 5.01421e-05
1.4364 4.94002e-05
1.43639 4.8758e-05
1.43639 4.81912e-05
1.43639 4.75071e-05
1.43639 4.69997e-05
1.43639 4.63549e-05
1.43639 4.5726e-05
1.43639 4.51685e-05
1.43639 4.45726e-05
1.43639 4.40422e-05
1.4364 4.37024e-05
1.43641 4.39095e-05
1.43641 4.34867e-05
1.4364 4.31742e-05
1.4364 4.26743e-05
1.4364 4.21869e-05
1.43641 4.18936e-05
1.43641 4.14285e-05
1.43641 4.09734e-05
1.43641 4.0506e-05
1.43641 4.01387e-05
1.43641 3.97894e-05
1.43641 3.93399e-05
1.43642 3.89505e-05
1.43642 3.90739e-05
1.43642 3.87728e-05
1.43642 3.86551e-05
1.43642 3.83444e-05
1.43642 3.79487e-05
1.43642 3.77004e-05
1.43643 3.82138e-05
1.43643 3.78403e-05
1.43643 3.78909e-05
1.43643 3.7848e-05
1.52479 0
1.52443 0.000362488
1.52435 0.000224002
1.5244 0.0001642
1.52443 0.000132955
1.5245 0.00012497
1.52457 0.000129076
1.5246 0.000115277
1.52456 0.000107926
1.52454 9.82347e-05
1.52456 9.12519e-05
1.52462 9.97818e-05
1.52469 0.000115852
1.5246 0.000138327
1.52458 0.000130533
1.52458 0.000122125
1.52459 0.000114856
1.5246 0.00010868
1.52461 0.000103806
1.52463 9.98399e-05
1.52464 9.55583e-05
1.52464 9.11755e-05
1.52462 8.82864e-05
1.52462 8.45471e-05
1.52466 8.81325e-05
1.52464 8.64679e-05
1.52464 8.33618e-05
1.52464 8.06632e-05
1.52466 7.87159e-05
1.52466 7.6049e-05
1.52465 7.39885e-05
1.52464 7.20147e-05
1.52464 6.99547e-05
1.52464 6.78664e-05
1.52464 6.59188e-05
1.52464 6.41635e-05
1.52465 6.28276e-05
1.52467 6.46871e-05
1.52468 6.33844e-05
1.52465 6.62866e-05
1.52466 6.53427e-05
1.52467 6.48594e-05
1.52467 6.33436e-05
1.52466 6.35344e-05
1.52466 6.21854e-05
1.52466 6.08186e-05
1.52467 5.97745e-05
1.52467 5.86785e-05
1.52467 5.80181e-05
1.52466 5.70496e-05
1.52466 5.60803e-05
1.52468 5.65357e-05
1.52469 5.62147e-05
1.52468 5.60557e-05
1.52467 5.52865e-05
1.52467 5.43438e-05
1.52467 5.33868e-05
1.52467 5.25132e-05
1.52467 5.16189e-05
1.52468 5.08035e-05
1.52468 5.04976e-05
1.52468 4.97302e-05
1.52468 4.90924e-05
1.52468 4.83193e-05
1.52468 4.7636e-05
1.52469 4.69472e-05
1.52469 4.62835e-05
1.52469 4.5637e-05
1.52469 4.49963e-05
1.52469 4.44045e-05
1.52469 4.37752e-05
1.52469 4.32113e-05
1.52469 4.26616e-05
1.52469 4.20834e-05
1.52469 4.15221e-05
1.52469 4.09757e-05
1.52469 4.05617e-05
1.52468 4.01173e-05
1.52468 3.96078e-05
1.52469 3.913e-05
1.52469 3.86522e-05
1.52468 3.84013e-05
1.52468 3.82066e-05
1.52468 3.78053e-05
1.52467 3.73652e-05
1.52467 3.69282e-05
1.52468 3.65096e-05
1.52468 3.61676e-05
1.52468 3.57823e-05
1.52468 3.54946e-05
1.52467 3.55337e-05
1.52467 3.54122e-05
1.52467 3.50333e-05
1.52467 3.46587e-05
1.52467 3.42953e-05
1.52467 3.3973e-05
1.52467 3.36344e-05
1.52466 3.34471e-05
1.52466 3.31321e-05
1.52467 3.29678e-05
1.47001 0
1.46968 0.00032575
1.46938 0.000358113
1.46929 0.00026926
1.46927 0.00020898
1.46929 0.000171579
1.46932 0.000148349
1.46936 0.00013507
1.46939 0.000122221
1.46936 0.00011334
1.46933 0.000108551
1.46932 9.95926e-05
1.46931 9.17261e-05
1.4693 8.64324e-05
1.46928 8.16502e-05
1.46929 7.69293e-05
1.46929 7.24291e-05
1.46925 7.63214e-05
1.46925 7.23902e-05
1.46925 6.88275e-05
1.46924 6.66126e-05
1.46924 6.35393e-05
1.46923 6.12285e-05
1.46922 6.00131e-05
1.46922 5.76621e-05
1.46924 5.76491e-05
1.46924 5.55167e-05
1.46922 5.58136e-05
1.46922 5.40161e-05
1.46923 5.34714e-05
1.46923 5.20503e-05
1.46922 5.2586e-05
1.46921 5.14361e-05
1.46923 5.37886e-05
1.46923 5.22916e-05
1.46921 5.49148e-05
1.4692 5.43287e-05
1.46921 5.32309e-05
1.46923 5.5257e-05
1.46923 5.4019e-05
1.46922 5.30231e-05
1.46921 5.19461e-05
1.46921 5.07387e-05
1.46922 4.9806e-05
1.46922 4.87529e-05
1.46922 4.76813e-05
1.46922 4.6756e-05
1.46923 4.57941e-05
1.46922 4.51528e-05
1.46922 4.43223e-05
1.46923 4.54569e-05
1.46924 4.48687e-05
1.46922 4.54516e-05
1.46922 4.46042e-05
1.46923 4.42508e-05
1.46923 4.35381e-05
1.46923 4.33555e-05
1.46923 4.2742e-05
1.46924 4.24005e-05
1.46923 4.17918e-05
1.46923 4.11655e-05
1.46923 4.07892e-05
1.46922 4.02929e-05
1.46923 4.04527e-05
1.46925 4.5792e-05
1.46925 4.5187e-05
1.46923 4.69247e-05
1.46922 4.81506e-05
1.46922 4.75217e-05
1.46922 4.71115e-05
1.46923 4.67959e-05
1.46923 4.62004e-05
1.46923 4.58143e-05
1.46922 4.54575e-05
1.46922 4.49315e-05
1.46922 4.43673e-05
1.46922 4.39846e-05
1.46923 4.3482e-05
1.46923 4.3103e-05
1.46923 4.2566e-05
1.46923 4.25358e-05
1.46922 4.20914e-05
1.46923 4.23272e-05
1.46924 4.29314e-05
1.46923 4.30529e-05
1.46923 4.30248e-05
1.46922 4.2558e-05
1.46923 4.20804e-05
1.46922 4.16374e-05
1.46922 4.1237e-05
1.46922 4.07819e-05
1.46922 4.0456e-05
1.46923 4.03146e-05
1.46923 3.98935e-05
1.46922 3.96605e-05
1.46923 3.92531e-05
1.46923 3.88719e-05
1.46922 3.85438e-05
1.46922 3.8202e-05
1.46922 3.78404e-05
1.40369 0
1.40376 7.30515e-05
1.40381 6.5876e-05
1.40394 0.000132394
1.40381 0.000162542
1.40385 0.000138682
1.40387 0.000118402
1.40387 0.000102549
1.40387 9.05932e-05
1.40387 8.11386e-05
1.40387 7.34153e-05
1.40387 6.75596e-05
1.40386 6.47619e-05
1.40385 6.078e-05
1.40387 6.13241e-05
1.40389 6.01524e-05
1.40388 5.76622e-05
1.40388 5.48248e-05
1.40388 5.19759e-05
1.40388 4.93185e-05
1.40389 4.90313e-05
1.40389 4.7317e-05
1.40389 4.52144e-05
1.4039 4.59508e-05
1.40391 4.43941e-05
1.4039 4.28804e-05
1.40391 4.16502e-05
1.40391 4.02077e-05
1.40392 4.05973e-05
1.40393 3.94494e-05
1.40393 3.84685e-05
1.40394 3.75041e-05
1.40392 3.85689e-05
1.40393 3.77899e-05
1.40393 3.67155e-05
1.40394 3.63508e-05
1.40393 3.57291e-05
1.40393 3.49845e-05
1.40393 3.47908e-05
1.40394 3.43882e-05
1.40395 3.39913e-05
1.40395 3.33291e-05
1.40395 3.27278e-05
1.40396 3.391e-05
1.40396 3.32415e-05
1.40397 3.35755e-05
1.40396 3.31903e-05
1.40397 3.27794e-05
1.40397 3.21041e-05
1.40398 3.28951e-05
1.40398 3.22448e-05
1.40398 3.16195e-05
1.40398 3.12118e-05
1.40398 3.06379e-05
1.40398 3.00884e-05
1.40399 3.01354e-05
1.40398 2.9883e-05
1.40399 2.94008e-05
1.40398 2.89049e-05
1.40399 2.87777e-05
1.40399 2.83029e-05
1.40399 2.80158e-05
1.40399 2.76133e-05
1.40399 2.71831e-05
1.40399 2.68196e-05
1.40399 2.64178e-05
1.40399 2.61012e-05
1.40399 2.58226e-05
1.40398 2.59248e-05
1.40398 2.56453e-05
1.40399 2.61818e-05
1.40399 2.61119e-05
1.40398 2.5979e-05
1.40398 2.56465e-05
1.40399 2.57536e-05
1.40398 2.57124e-05
1.40398 2.56297e-05
1.40398 2.53012e-05
1.40398 2.50489e-05
1.40398 2.49575e-05
1.40398 2.54979e-05
1.40398 2.51918e-05
1.40398 2.52181e-05
1.40398 2.49186e-05
1.40398 2.48217e-05
1.40397 2.47756e-05
1.40398 2.49342e-05
1.40399 2.59726e-05
1.40398 2.65731e-05
1.40398 2.6435e-05
1.40398 2.66143e-05
1.40398 2.64219e-05
1.40398 2.63138e-05
1.40398 2.60476e-05
1.40397 2.58151e-05
1.40398 2.5565e-05
1.40397 2.53316e-05
1.40397 2.53152e-05
1.40397 2.5395e-05
1.40397 2.52153e-05
