-0.0318722 0
-0.0319593 8.70859e-05
-0.0321011 0.0001505
-0.0323106 0.000234957
-0.0325926 0.000335644
-0.0329483 0.000448995
-0.0333729 0.000569493
-0.033867 0.000698102
-0.0344323 0.000835814
-0.0350781 0.000987891
-0.0358142 0.00115772
-0.0366568 0.00135165
-0.0376227 0.00157445
-0.0387335 0.00183263
-0.0400179 0.00213551
-0.0415149 0.0024963
-0.0432742 0.00293148
-0.0453617 0.00346356
-0.0478566 0.00411801
-0.0508334 0.00491156
-0.0542774 0.00580408
-0.0578094 0.00656505
-0.0604829 0.00681907
-0.0626262 0.00687155
-0.0657885 0.00731036
-0.0693494 0.00787468
-0.0736878 0.00873145
-0.0786246 0.00975524
-0.0829702 0.0103676
-0.0866828 0.0106819
-0.0898415 0.0108037
-0.0931847 0.0109819
-0.097493 0.0114828
-0.101975 0.0120076
-0.106056 0.0123531
-0.110179 0.0126934
-0.114474 0.0130712
-0.118685 0.0134017
-0.122758 0.013674
-0.126715 0.0139028
-0.130593 0.0141032
-0.134434 0.0142892
-0.138346 0.0144908
-0.142273 0.0146923
-0.145968 0.0148297
-0.149318 0.0148858
-0.152342 0.0148762
-0.154905 0.0147868
-0.157732 0.0147551
-0.160924 0.0148052
-0.163535 0.014745
-0.166357 0.0147315
-0.169223 0.0147323
-0.171001 0.0145659
-0.172752 0.0144055
-0.175345 0.0143816
-0.178093 0.0143917
-0.180768 0.0143922
-0.183395 0.014388
-0.185979 0.0143802
-0.188442 0.0143555
-0.190435 0.0142619
-0.192001 0.0141208
-0.193722 0.0140046
-0.195464 0.013897
-0.197188 0.013793
-0.198863 0.0136885
-0.200492 0.0135837
-0.202094 0.0134809
-0.203601 0.0133721
-0.205048 0.0132616
-0.206485 0.0131549
-0.207929 0.0130535
-0.209328 0.0129517
-0.210403 0.012823
-0.210958 0.0126653
-0.21177 0.0125261
-0.213128 0.0124387
-0.214516 0.0123585
-0.215533 0.0122454
-0.216325 0.0121191
-0.217127 0.0119973
-0.218028 0.0118861
-0.218995 0.0117835
-0.219998 0.0116871
-0.221014 0.011595
-0.222024 0.0115054
-0.223014 0.0114169
-0.22396 0.0113275
-0.224813 0.0112333
-0.22555 0.0111336
-0.226244 0.0110338
-0.226907 0.0109346
-0.227516 0.0108348
-0.228164 0.0107397
-0.228879 0.0106512
-0.229583 0.0105643
-0.230231 0.0104761
-0.23077 0.0103837
-0.231254 0.0102908
-0.281781 0
-0.28475 0.00296902
-0.289005 0.00458639
-0.291621 0.00416672
-0.292382 0.0033162
-0.293471 0.00291834
-0.296603 0.00398627
-0.300912 0.00552171
-0.303936 0.00573211
-0.304835 0.00520514
-0.305141 0.00471819
-0.305728 0.00434694
-0.305386 0.00401319
-0.304564 0.00380551
-0.30434 0.00354979
-0.304186 0.00332409
-0.304336 0.00312606
-0.305179 0.00306543
-0.30654 0.00320303
-0.307517 0.0031918
-0.307486 0.00303616
-0.306734 0.00299105
-0.306436 0.00287349
-0.3068 0.00277504
-0.307394 0.00272731
-0.307924 0.00267339
-0.308264 0.00259486
-0.308742 0.00254563
-0.309571 0.00259241
-0.309961 0.00253468
-0.309413 0.00251205
-0.308939 0.00247798
-0.309315 0.00243097
-0.308998 0.00237963
-0.309353 0.00233776
-0.310532 0.00255973
-0.31154 0.00268585
-0.312088 0.00267099
-0.312583 0.00264836
-0.313398 0.00270678
-0.314238 0.0027705
-0.314626 0.00273142
-0.314528 0.00266896
-0.314543 0.00260765
-0.315076 0.00260416
-0.315819 0.00265288
-0.316409 0.00266217
-0.316916 0.00265482
-0.317519 0.00266915
-0.318261 0.00271857
-0.318952 0.0027529
-0.319432 0.00274175
-0.319835 0.00271949
-0.32012 0.00268386
-0.320403 0.00264977
-0.320932 0.00265517
-0.321654 0.0027063
-0.322276 0.0027311
-0.322574 0.00270089
-0.322574 0.0026555
-0.322681 0.00261378
-0.323073 0.00260103
-0.323503 0.00259535
-0.323778 0.00256922
-0.323825 0.0025298
-0.323717 0.00249349
-0.32361 0.00245835
-0.323557 0.0024225
-0.323552 0.00238714
-0.323571 0.00235287
-0.323613 0.00231986
-0.323714 0.00228968
-0.32393 0.00226839
-0.324247 0.00225988
-0.324434 0.00223737
-0.32408 0.00223605
-0.32382 0.0022221
-0.323701 0.00219664
-0.323397 0.00218981
-0.323455 0.00216304
-0.323848 0.00217197
-0.324265 0.00218559
-0.324481 0.0021699
-0.324696 0.00215458
-0.324988 0.00214904
-0.325305 0.00214748
-0.32567 0.00215384
-0.326111 0.00217431
-0.32661 0.00220682
-0.326968 0.00221143
-0.326729 0.0022
-0.326586 0.00218064
-0.326855 0.00217371
-0.327142 0.00216957
-0.327324 0.00215428
-0.327485 0.00213784
-0.327676 0.00212428
-0.327887 0.00211305
-0.328094 0.00210183
-0.328245 0.00208616
-0.328991 0
-0.317328 0.0116634
-0.305254 0.0138247
-0.296804 0.0129215
-0.292269 0.0109884
-0.289892 0.00928163
-0.287842 0.00810781
-0.285981 0.00726387
-0.285268 0.00644574
-0.284472 0.00581995
-0.282761 0.00553533
-0.27961 0.00595517
-0.275338 0.00694664
-0.273119 0.00680338
-0.273077 0.00633374
-0.273531 0.00594202
-0.27304 0.00560315
-0.270229 0.00598398
-0.266763 0.00663701
-0.264895 0.00656763
-0.264461 0.0062621
-0.264237 0.00597488
-0.263788 0.00572684
-0.263454 0.00549322
-0.263468 0.00526893
-0.263713 0.00506817
-0.263529 0.00488034
-0.263786 0.00470987
-0.264868 0.00467153
-0.26616 0.00469433
-0.267233 0.00466551
-0.268021 0.00458553
-0.268606 0.00448271
-0.269517 0.00444333
-0.270734 0.00448279
-0.271472 0.00441867
-0.272361 0.0043884
-0.273055 0.00432744
-0.27344 0.0042326
-0.274056 0.00417107
-0.275079 0.00419475
-0.276285 0.00426766
-0.277487 0.004337
-0.278647 0.00439338
-0.279617 0.00440268
-0.280427 0.0043815
-0.281319 0.00437901
-0.282387 0.0044179
-0.283488 0.00446463
-0.284266 0.00444318
-0.284584 0.00436679
-0.2851 0.0043129
-0.285999 0.00432524
-0.286814 0.00432196
-0.287733 0.00434097
-0.288896 0.00441847
-0.29012 0.00450963
-0.291314 0.00458938
-0.292467 0.00465588
-0.293542 0.00470211
-0.294467 0.00471603
-0.295322 0.00471739
-0.296194 0.00472307
-0.297101 0.00473639
-0.298175 0.00478503
-0.299126 0.00480712
-0.299552 0.00475393
-0.299551 0.00468349
-0.299668 0.00461661
-0.300147 0.00457528
-0.300947 0.00458079
-0.301784 0.00459367
-0.302483 0.00458384
-0.302881 0.00453894
-0.302817 0.00447847
-0.302604 0.00442425
-0.30262 0.00436644
-0.302803 0.00431402
-0.303091 0.00426877
-0.303471 0.00423212
-0.303896 0.00420108
-0.304373 0.00417692
-0.304926 0.00416313
-0.305456 0.00414729
-0.305721 0.00410679
-0.305716 0.00405876
-0.30609 0.00402918
-0.307039 0.00409478
-0.308097 0.00418451
-0.308878 0.00421069
-0.309385 0.00419499
-0.310185 0.00422547
-0.311277 0.00432015
-0.312393 0.00441714
-0.313539 0.00451819
-0.314678 0.00461371
-0.31566 0.0046703
-0.316404 0.00468186
-0.317358 0.00473155
-0.318569 0.00483801
-0.442203 0
-0.441211 0.000991594
-0.440735 0.000744648
-0.438623 0.00217662
-0.43441 0.00453793
-0.432765 0.00405389
-0.433402 0.00348471
-0.433601 0.00302443
-0.432554 0.00286522
-0.430737 0.00314168
-0.430547 0.00284815
-0.431045 0.00264737
-0.43084 0.00244386
-0.429566 0.00259664
-0.428335 0.00271245
-0.427829 0.00258729
-0.427397 0.00246848
-0.426567 0.00247075
-0.425423 0.00260231
-0.4241 0.00280081
-0.422614 0.00305064
-0.421026 0.00331377
-0.419515 0.00350857
-0.418179 0.00361502
-0.416957 0.00367653
-0.415715 0.00374434
-0.41424 0.00389295
-0.412261 0.00424139
-0.409852 0.00474924
-0.407595 0.00511301
-0.406334 0.00510349
-0.406001 0.00495267
-0.406026 0.00480031
-0.406002 0.00465704
-0.405294 0.00457707
-0.403532 0.00478446
-0.402278 0.00481945
-0.401684 0.0047283
-0.401389 0.00461495
-0.401109 0.00450679
-0.40058 0.00442719
-0.39962 0.00442592
-0.398485 0.0044683
-0.397427 0.00449205
-0.396581 0.00447181
-0.396268 0.00438471
-0.396209 0.0042908
-0.396184 0.00420054
-0.396069 0.00411551
-0.395663 0.00405273
-0.394821 0.00406082
-0.393893 0.00408864
-0.393383 0.00404306
-0.393356 0.00396758
-0.393565 0.00390037
-0.393839 0.00383986
-0.394111 0.00378169
-0.394307 0.00372111
-0.394341 0.00365765
-0.394196 0.00359911
-0.393884 0.00355334
-0.393397 0.00352932
-0.393069 0.00348829
-0.393023 0.00343366
-0.393051 0.00338054
-0.392964 0.00333007
-0.392826 0.00328288
-0.392543 0.00324665
-0.39205 0.00323694
-0.391554 0.00322871
-0.391171 0.0032059
-0.390934 0.0031699
-0.39074 0.00313218
-0.390518 0.00309757
-0.390211 0.00307136
-0.389713 0.00307133
-0.389151 0.00308284
-0.388741 0.00307051
-0.388397 0.00305081
-0.388029 0.00303489
-0.3876 0.0030277
-0.387098 0.00303238
-0.386555 0.00304447
-0.385966 0.00306513
-0.385265 0.003109
-0.384473 0.00317301
-0.383805 0.00320665
-0.383384 0.00319785
-0.383026 0.00318192
-0.382547 0.00318253
-0.382195 0.00316708
-0.381733 0.00316634
-0.381078 0.00319973
-0.380717 0.00318602
-0.380543 0.00315713
-0.380403 0.0031272
-0.380294 0.0030967
-0.380215 0.00306597
-0.380114 0.00303652
-0.379952 0.00301034
-0.366932 0
-0.365238 0.00169358
-0.360889 0.0044578
-0.361223 0.00316976
-0.366014 0.00538393
-0.369951 0.00590117
-0.372821 0.00575422
-0.375321 0.00557521
-0.376163 0.00498834
-0.376056 0.00446299
-0.376686 0.0040859
-0.377006 0.00374354
-0.376908 0.00344494
-0.376868 0.00318965
-0.376036 0.00308383
-0.373499 0.00384147
-0.371996 0.00390888
-0.372567 0.00372931
-0.373564 0.00366585
-0.373932 0.00349707
-0.372924 0.00347572
-0.371916 0.00346366
-0.371205 0.00338514
-0.371047 0.00324488
-0.371481 0.00314241
-0.371661 0.00302448
-0.371953 0.00292495
-0.372652 0.00290401
-0.372505 0.00280594
-0.372401 0.0027128
-0.373643 0.002903
-0.374462 0.00292759
-0.374758 0.00285288
-0.375046 0.00278271
-0.375285 0.00271256
-0.375808 0.00268749
-0.37632 0.0026635
-0.376874 0.00265106
-0.377618 0.00268719
-0.378488 0.0027598
-0.379286 0.00280763
-0.379878 0.00280308
-0.380158 0.00275141
-0.380035 0.00269097
-0.379586 0.00266851
-0.3794 0.00261646
-0.379824 0.00259514
-0.380468 0.0026208
-0.380896 0.00260222
-0.380737 0.00255465
-0.380333 0.00253635
-0.379989 0.0025108
-0.379867 0.00246599
-0.380047 0.00242659
-0.380183 0.00238591
-0.379898 0.00236013
-0.378581 0.00266652
-0.377227 0.00294909
-0.376935 0.00291335
-0.376987 0.00286486
-0.376931 0.00281807
-0.376717 0.00278045
-0.376803 0.00273729
-0.377049 0.00270546
-0.377164 0.00266597
-0.377056 0.00262747
-0.376893 0.00259306
-0.376839 0.00255522
-0.376964 0.00252101
-0.377183 0.00249435
-0.377267 0.00246041
-0.377241 0.00242613
-0.377253 0.00239269
-0.377383 0.0023637
-0.377638 0.00234585
-0.377872 0.00232662
-0.377947 0.00229743
-0.37772 0.00227912
-0.377167 0.00231699
-0.376718 0.00233163
-0.37647 0.00231593
-0.376237 0.00229932
-0.375862 0.00230229
-0.37534 0.00233387
-0.374854 0.00235682
-0.374475 0.00235984
-0.374071 0.00236742
-0.373512 0.00240609
-0.372923 0.00245079
-0.372337 0.00249327
-0.371563 0.00258421
-0.370548 0.00275021
-0.369662 0.00286118
-0.36904 0.00289801
-0.368502 0.00291748
-0.367907 0.00294746
-0.367078 0.00303258
-0.365958 0.00320344
-0.365117 0.00328065
-0.364334 0.00334062
-0.262983 0
-0.268383 0.00539933
-0.280241 0.0122614
-0.289173 0.0124481
-0.29568 0.0116325
-0.299896 0.0103916
-0.301102 0.00886488
-0.300213 0.00772855
-0.300458 0.00682035
-0.302696 0.006498
-0.304908 0.00627987
-0.305542 0.00576774
-0.302653 0.00604121
-0.301319 0.00574996
-0.303159 0.00566041
-0.30536 0.00573381
-0.307454 0.00577868
-0.309272 0.00574368
-0.310593 0.0055912
-0.311231 0.00534247
-0.311253 0.00508175
-0.311174 0.00484591
-0.31168 0.00465795
-0.31269 0.00457279
-0.31272 0.00438616
-0.312245 0.00424074
-0.312692 0.00410503
-0.312992 0.00396711
-0.312893 0.00382915
-0.312495 0.00372063
-0.312482 0.00359863
-0.312955 0.00351638
-0.313837 0.00352046
-0.31491 0.00357998
-0.316003 0.00364377
-0.317024 0.00368548
-0.317822 0.00367227
-0.318054 0.00358186
-0.317091 0.00361941
-0.317242 0.00353101
-0.317564 0.00345883
-0.317361 0.00338156
-0.316709 0.00336585
-0.316671 0.00328868
-0.316837 0.00321909
-0.31693 0.0031497
-0.316912 0.00308201
-0.316572 0.00303626
-0.316361 0.00298113
-0.316557 0.00292749
-0.31679 0.00287899
-0.316622 0.00282813
-0.315818 0.00288821
-0.31518 0.00290528
-0.31497 0.00285965
-0.314951 0.00280818
-0.314985 0.00275869
-0.314944 0.00271102
-0.314852 0.00266628
-0.314747 0.00262356
-0.314427 0.00259997
-0.313857 0.00262043
-0.313419 0.00261538
-0.313119 0.0025916
-0.312749 0.00257819
-0.312281 0.00258148
-0.311737 0.00260035
-0.311101 0.00263952
-0.310485 0.00267303
-0.310012 0.00267662
-0.309611 0.00266889
-0.309159 0.00267014
-0.308604 0.00269124
-0.307997 0.00272305
-0.307369 0.00275895
-0.306709 0.00280115
-0.306136 0.00282332
-0.30571 0.00281929
-0.305356 0.00280575
-0.304977 0.00279634
-0.30453 0.00279755
-0.304162 0.00278762
-0.304034 0.0027568
-0.30406 0.00272391
-0.304143 0.00269295
-0.304238 0.00266316
-0.304312 0.0026334
-0.304299 0.00260334
-0.304175 0.0025769
-0.304081 0.00254983
-0.304187 0.00252386
-0.304533 0.00252015
-0.304969 0.00253076
-0.305378 0.00253691
-0.305756 0.00253839
-0.30605 0.00252893
-0.306295 0.00251471
-0.306632 0.00251168
-0.307055 0.0025218
-0.307385 0.00251825
-0.309924 0
-0.299405 0.0105188
-0.301884 0.00655919
-0.308785 0.00831532
-0.314902 0.00888262
-0.319114 0.00838705
-0.321239 0.00740007
-0.321209 0.00640872
-0.319196 0.00599988
-0.31737 0.00566864
-0.31735 0.00512751
-0.318122 0.00474387
-0.318841 0.00442254
-0.319765 0.0041975
-0.321195 0.00416113
-0.322438 0.00408596
-0.323093 0.00389366
-0.324831 0.00406162
-0.327425 0.00463536
-0.329605 0.00490847
-0.33188 0.00519338
-0.334331 0.00552514
-0.336642 0.00576323
-0.339488 0.00620874
-0.342432 0.00664279
-0.344644 0.0067549
-0.346293 0.00670569
-0.34842 0.00680285
-0.350963 0.00703964
-0.353141 0.00714095
-0.35462 0.00706343
-0.356242 0.00702883
-0.358394 0.00714429
-0.360016 0.0071182
-0.360677 0.00694337
-0.361946 0.00686601
-0.363939 0.00696898
-0.365957 0.00707697
-0.367175 0.007
-0.367904 0.00686159
-0.368951 0.00677344
-0.37019 0.00672542
-0.371544 0.00670529
-0.372739 0.00665916
-0.373665 0.00657509
-0.374511 0.00648589
-0.375226 0.00638652
-0.375738 0.00627305
-0.376338 0.00617284
-0.377157 0.00610336
-0.377719 0.00600888
-0.377521 0.00589551
-0.37772 0.00578662
-0.378151 0.00569477
-0.378434 0.00559741
-0.378383 0.00549678
-0.378543 0.00540185
-0.378826 0.00531545
-0.378806 0.00522462
-0.378746 0.00513715
-0.378821 0.00505278
-0.379053 0.00497605
-0.379527 0.00491926
-0.379914 0.00485724
-0.379468 0.0048027
-0.378388 0.00485103
-0.377913 0.00480159
-0.378146 0.00473615
-0.378774 0.00470903
-0.37927 0.00466779
-0.379445 0.00460488
-0.379371 0.00454107
-0.379359 0.00447845
-0.379597 0.0044239
-0.380015 0.00438447
-0.380459 0.00434911
-0.380725 0.00430053
-0.380827 0.00424626
-0.38077 0.00419255
-0.380554 0.00414547
-0.380516 0.00409414
-0.380742 0.0040502
-0.38085 0.00400258
-0.380396 0.00398071
-0.379949 0.00395882
-0.37986 0.00391355
-0.379964 0.00386972
-0.380038 0.00382621
-0.380113 0.00378372
-0.380285 0.00374537
-0.380509 0.00371077
-0.380656 0.00367314
-0.380582 0.00363417
-0.380387 0.00360056
-0.38036 0.00356256
-0.380418 0.00352573
-0.3804 0.00348924
-0.380424 0.00345353
-0.38059 0.00342249
-0.380776 0.00339321
-0.398966 0
-0.40772 0.00875363
-0.410326 0.00568639
-0.403888 0.00759073
-0.404411 0.005903
-0.407631 0.00579638
-0.407926 0.0049077
-0.40869 0.00431839
-0.409428 0.00387933
-0.410595 0.0036605
-0.41219 0.00367547
-0.412811 0.0034121
-0.414592 0.00360889
-0.418236 0.00494378
-0.421432 0.00560352
-0.421965 0.00526868
-0.422968 0.00504965
-0.424719 0.00507254
-0.425802 0.00491873
-0.427883 0.00510952
-0.428674 0.00492413
-0.429859 0.00484216
-0.431712 0.00498387
-0.432993 0.00494071
-0.432876 0.00474041
-0.433608 0.00461287
-0.434015 0.00445736
-0.434078 0.00429569
-0.433908 0.00414842
-0.432822 0.00415239
-0.432153 0.00407156
-0.430689 0.00420526
-0.430414 0.00408507
-0.430742 0.00397666
-0.430667 0.00386211
-0.430669 0.0037533
-0.430406 0.00365991
-0.431357 0.0036869
-0.431836 0.0036229
-0.432106 0.00354152
-0.432077 0.00345419
-0.431588 0.00340621
-0.431845 0.00333599
-0.431894 0.00325966
-0.431337 0.00323474
-0.43038 0.00330519
-0.429642 0.00331729
-0.428976 0.003315
-0.428309 0.00331438
-0.42746 0.00335664
-0.426085 0.003566
-0.425138 0.00362261
-0.423942 0.00374944
-0.422792 0.00385511
-0.421718 0.00393361
-0.420472 0.00405888
-0.419135 0.00420504
-0.418107 0.00425789
-0.417163 0.00429035
-0.416059 0.00436032
-0.414759 0.0044809
-0.413806 0.00450991
-0.412944 0.00452059
-0.412076 0.00453328
-0.411399 0.00451417
-0.410838 0.0044804
-0.410132 0.00446927
-0.409479 0.00445122
-0.409269 0.00439123
-0.409245 0.00432811
-0.408814 0.00428838
-0.408166 0.0042778
-0.408032 0.00422091
-0.408024 0.00416349
-0.40766 0.00412376
-0.407139 0.00410233
-0.407118 0.00404875
-0.407166 0.00399679
-0.407273 0.00394734
-0.407342 0.00389829
-0.407465 0.00385182
-0.407908 0.00383023
-0.408014 0.0037853
-0.407923 0.00374109
-0.407935 0.00369683
-0.408391 0.00368202
-0.408776 0.00365971
-0.408146 0.0036723
-0.407688 0.00365957
-0.407668 0.00361873
-0.407376 0.00359064
-0.406735 0.00360887
-0.406428 0.00358305
-0.406146 0.00355591
-0.405869 0.00352916
-0.40552 0.00350965
-0.40495 0.00351972
-0.404586 0.00350251
-0.404417 0.00347109
-0.40423 0.00344127
